2024-03-06 01:35:46,181 DEBUG    root            Loaded Command Group: ['gcloud', 'app']
2024-03-06 01:35:46,257 DEBUG    root            Loaded Command Group: ['gcloud', 'app', 'deploy']
2024-03-06 01:35:46,259 DEBUG    root            Running [gcloud.app.deploy] with arguments: []
2024-03-06 01:35:46,301 DEBUG    google.auth.transport.requests Making request: POST https://oauth2.googleapis.com/token
2024-03-06 01:35:46,337 DEBUG    urllib3.connectionpool Starting new HTTPS connection (1): oauth2.googleapis.com:443
2024-03-06 01:35:46,542 DEBUG    urllib3.connectionpool https://oauth2.googleapis.com:443 "POST /token HTTP/1.1" 200 None
2024-03-06 01:35:46,561 DEBUG    root            Loading runtimes experiment config from [gs://runtime-builders/experiments.yaml]
2024-03-06 01:35:46,576 INFO     root            Reading [<googlecloudsdk.api_lib.storage.storage_util.ObjectReference object at 0x105e65e50>]
2024-03-06 01:35:46,795 DEBUG    root            Flex image build option: FlexImageBuildOptions.ON_SERVER
2024-03-06 01:35:46,816 INFO     root            Executing staging command: [/Users/ellie/google-cloud-sdk/platform/google_appengine/go-app-stager /Users/ellie/Documents/RPI/Classes/ALing/eelsAAA/src/app.yaml /Users/ellie/Documents/RPI/Classes/ALing/eelsAAA/src /var/folders/1y/1wxwnnd51yb6zjv9vq4g5q000000gn/T/tmpgp34rklj/tmp01r0celk]


2024-03-06 01:35:46,816 DEBUG    root            Executing command: ['/Users/ellie/google-cloud-sdk/platform/google_appengine/go-app-stager', '/Users/ellie/Documents/RPI/Classes/ALing/eelsAAA/src/app.yaml', '/Users/ellie/Documents/RPI/Classes/ALing/eelsAAA/src', '/var/folders/1y/1wxwnnd51yb6zjv9vq4g5q000000gn/T/tmpgp34rklj/tmp01r0celk']
2024-03-06 01:35:46,860 INFO     root            ------------------------------------ STDOUT ------------------------------------
building with dependencies from go.mod
------------------------------------ STDERR ------------------------------------
2024/03/06 01:35:46 staging for go1.21
main-package: .
copied /Users/ellie/Documents/RPI/Classes/ALing/eelsAAA/src/.env to /var/folders/1y/1wxwnnd51yb6zjv9vq4g5q000000gn/T/tmpgp34rklj/tmp01r0celk/.env
copied /Users/ellie/Documents/RPI/Classes/ALing/eelsAAA/src/.gcloudignore to /var/folders/1y/1wxwnnd51yb6zjv9vq4g5q000000gn/T/tmpgp34rklj/tmp01r0celk/.gcloudignore
copied /Users/ellie/Documents/RPI/Classes/ALing/eelsAAA/src/app.yaml to /var/folders/1y/1wxwnnd51yb6zjv9vq4g5q000000gn/T/tmpgp34rklj/tmp01r0celk/app.yaml
copied /Users/ellie/Documents/RPI/Classes/ALing/eelsAAA/src/components/base.templ to /var/folders/1y/1wxwnnd51yb6zjv9vq4g5q000000gn/T/tmpgp34rklj/tmp01r0celk/components/base.templ
copied /Users/ellie/Documents/RPI/Classes/ALing/eelsAAA/src/components/base_templ.go to /var/folders/1y/1wxwnnd51yb6zjv9vq4g5q000000gn/T/tmpgp34rklj/tmp01r0celk/components/base_templ.go
copied /Users/ellie/Documents/RPI/Classes/ALing/eelsAAA/src/components/data.templ to /var/folders/1y/1wxwnnd51yb6zjv9vq4g5q000000gn/T/tmpgp34rklj/tmp01r0celk/components/data.templ
copied /Users/ellie/Documents/RPI/Classes/ALing/eelsAAA/src/components/data_templ.go to /var/folders/1y/1wxwnnd51yb6zjv9vq4g5q000000gn/T/tmpgp34rklj/tmp01r0celk/components/data_templ.go
copied /Users/ellie/Documents/RPI/Classes/ALing/eelsAAA/src/components/test.templ to /var/folders/1y/1wxwnnd51yb6zjv9vq4g5q000000gn/T/tmpgp34rklj/tmp01r0celk/components/test.templ
copied /Users/ellie/Documents/RPI/Classes/ALing/eelsAAA/src/components/test_templ.go to /var/folders/1y/1wxwnnd51yb6zjv9vq4g5q000000gn/T/tmpgp34rklj/tmp01r0celk/components/test_templ.go
copied /Users/ellie/Documents/RPI/Classes/ALing/eelsAAA/src/dataPage.go to /var/folders/1y/1wxwnnd51yb6zjv9vq4g5q000000gn/T/tmpgp34rklj/tmp01r0celk/dataPage.go
copied /Users/ellie/Documents/RPI/Classes/ALing/eelsAAA/src/exec to /var/folders/1y/1wxwnnd51yb6zjv9vq4g5q000000gn/T/tmpgp34rklj/tmp01r0celk/exec
copied /Users/ellie/Documents/RPI/Classes/ALing/eelsAAA/src/go.mod to /var/folders/1y/1wxwnnd51yb6zjv9vq4g5q000000gn/T/tmpgp34rklj/tmp01r0celk/go.mod
copied /Users/ellie/Documents/RPI/Classes/ALing/eelsAAA/src/go.sum to /var/folders/1y/1wxwnnd51yb6zjv9vq4g5q000000gn/T/tmpgp34rklj/tmp01r0celk/go.sum
copied /Users/ellie/Documents/RPI/Classes/ALing/eelsAAA/src/handleResult.go to /var/folders/1y/1wxwnnd51yb6zjv9vq4g5q000000gn/T/tmpgp34rklj/tmp01r0celk/handleResult.go
copied /Users/ellie/Documents/RPI/Classes/ALing/eelsAAA/src/main.go to /var/folders/1y/1wxwnnd51yb6zjv9vq4g5q000000gn/T/tmpgp34rklj/tmp01r0celk/main.go
copied /Users/ellie/Documents/RPI/Classes/ALing/eelsAAA/src/testPage.go to /var/folders/1y/1wxwnnd51yb6zjv9vq4g5q000000gn/T/tmpgp34rklj/tmp01r0celk/testPage.go
--------------------------------------------------------------------------------

2024-03-06 01:35:46,860 DEBUG    root            API endpoint: [https://appengine.googleapis.com/], API version: [v1]
2024-03-06 01:35:46,868 DEBUG    google.auth.transport.requests Making request: POST https://oauth2.googleapis.com/token
2024-03-06 01:35:46,871 DEBUG    urllib3.connectionpool Starting new HTTPS connection (1): oauth2.googleapis.com:443
2024-03-06 01:35:47,057 DEBUG    urllib3.connectionpool https://oauth2.googleapis.com:443 "POST /token HTTP/1.1" 200 None
2024-03-06 01:35:47,405 INFO     ___FILE_ONLY___ Services to deploy:


2024-03-06 01:35:47,407 INFO     ___FILE_ONLY___ descriptor:                  [/Users/ellie/Documents/RPI/Classes/ALing/eelsAAA/src/app.yaml]
source:                      [/Users/ellie/Documents/RPI/Classes/ALing/eelsAAA/src]
target project:              [eelsaaa]
target service:              [default]
target version:              [20240306t013547]
target url:                  [https://eelsaaa.ue.r.appspot.com]
target service account:      [eelsaaa@appspot.gserviceaccount.com]



2024-03-06 01:35:48,104 DEBUG    root            No bucket specified, retrieving default bucket.
2024-03-06 01:35:48,107 DEBUG    root            Using bucket [gs://staging.eelsaaa.appspot.com].
2024-03-06 01:35:48,271 INFO     ___FILE_ONLY___ Beginning deployment of service [default]...

2024-03-06 01:35:48,272 INFO     root            Using ignore file at [/Users/ellie/Documents/RPI/Classes/ALing/eelsAAA/src/.gcloudignore].
2024-03-06 01:35:48,273 DEBUG    root            Skipping file [.gcloudignore]
2024-03-06 01:35:48,299 DEBUG    root            Could not call git with args ('config', '--get-regexp', 'remote\\.(.*)\\.url'): Command '['git', 'config', '--get-regexp', 'remote\\.(.*)\\.url']' returned non-zero exit status 1.
2024-03-06 01:35:48,299 INFO     root            Could not find any remote repositories associated with [/var/folders/1y/1wxwnnd51yb6zjv9vq4g5q000000gn/T/tmpgp34rklj/tmp01r0celk]. Cloud diagnostic tools may not be able to display the correct source code for this deployment.
2024-03-06 01:35:48,628 DEBUG    root            Skipping upload of [app.yaml]
2024-03-06 01:35:48,628 INFO     root            Incremental upload skipped 100.0% of data
2024-03-06 01:35:48,629 DEBUG    root            Skipping upload of [go.mod]
2024-03-06 01:35:48,629 INFO     root            Incremental upload skipped 100.0% of data
2024-03-06 01:35:48,629 DEBUG    root            Skipping upload of [go.sum]
2024-03-06 01:35:48,629 INFO     root            Incremental upload skipped 100.0% of data
2024-03-06 01:35:48,629 INFO     root            Incremental upload skipped 75.94% of data
2024-03-06 01:35:48,629 DEBUG    root            Skipping upload of [_main-package-path]
2024-03-06 01:35:48,629 INFO     root            Incremental upload skipped 75.94% of data
2024-03-06 01:35:48,629 DEBUG    root            Skipping upload of [.env]
2024-03-06 01:35:48,629 INFO     root            Incremental upload skipped 76.02% of data
2024-03-06 01:35:48,629 DEBUG    root            Skipping upload of [exec]
2024-03-06 01:35:48,629 INFO     root            Incremental upload skipped 99.99% of data
2024-03-06 01:35:48,629 INFO     root            Incremental upload skipped 99.98% of data
2024-03-06 01:35:48,629 INFO     root            Incremental upload skipped 99.98% of data
2024-03-06 01:35:48,629 INFO     root            Incremental upload skipped 99.97% of data
2024-03-06 01:35:48,629 DEBUG    root            Skipping upload of [components/base.templ]
2024-03-06 01:35:48,629 INFO     root            Incremental upload skipped 99.97% of data
2024-03-06 01:35:48,629 INFO     root            Incremental upload skipped 99.93% of data
2024-03-06 01:35:48,629 INFO     root            Incremental upload skipped 99.91% of data
2024-03-06 01:35:48,629 DEBUG    root            Skipping upload of [components/test.templ]
2024-03-06 01:35:48,629 INFO     root            Incremental upload skipped 99.91% of data
2024-03-06 01:35:48,629 DEBUG    root            Skipping upload of [components/base_templ.go]
2024-03-06 01:35:48,629 INFO     root            Incremental upload skipped 99.91% of data
2024-03-06 01:35:48,629 DEBUG    root            Skipping upload of [components/test_templ.go]
2024-03-06 01:35:48,629 INFO     root            Incremental upload skipped 99.91% of data
2024-03-06 01:35:48,629 DEBUG    root            Uploading 6 files to Google Cloud Storage
2024-03-06 01:35:48,629 DEBUG    root            Using [16] threads
2024-03-06 01:35:48,630 INFO     ___FILE_ONLY___ ╔════════════════════════════════════════════════════════════╗

2024-03-06 01:35:48,630 INFO     ___FILE_ONLY___ ╠═ Uploading 6 files to Google Cloud Storage                ═╣

2024-03-06 01:35:48,630 INFO     ___FILE_ONLY___ ╚
2024-03-06 01:35:48,658 INFO     root            Uploading [/var/folders/1y/1wxwnnd51yb6zjv9vq4g5q000000gn/T/tmpgp34rklj/tmp01r0celk/testPage.go] to [staging.eelsaaa.appspot.com/6432434ed5d09601ba640b7a7568250c8104ddb8]
2024-03-06 01:35:48,661 INFO     root            Uploading [/var/folders/1y/1wxwnnd51yb6zjv9vq4g5q000000gn/T/tmpgp34rklj/tmp01r0celk/components/data.templ] to [staging.eelsaaa.appspot.com/377088beb65a675464711224e4dbb9d1795ee82e]
2024-03-06 01:35:48,661 INFO     root            Uploading [/var/folders/1y/1wxwnnd51yb6zjv9vq4g5q000000gn/T/tmpgp34rklj/tmp01r0celk/handleResult.go] to [staging.eelsaaa.appspot.com/edc98f6dcf84536a014e74d598eb45ce2d7610a0]
2024-03-06 01:35:48,661 INFO     root            Uploading [/var/folders/1y/1wxwnnd51yb6zjv9vq4g5q000000gn/T/tmpgp34rklj/tmp01r0celk/components/data_templ.go] to [staging.eelsaaa.appspot.com/7012e1d2b623ac588bb8b354231abaa1e95d895b]
2024-03-06 01:35:48,662 INFO     root            Uploading [/var/folders/1y/1wxwnnd51yb6zjv9vq4g5q000000gn/T/tmpgp34rklj/tmp01r0celk/dataPage.go] to [staging.eelsaaa.appspot.com/4d2eeca616c0c9800cd615aced3fd2ac9864bf1a]
2024-03-06 01:35:48,663 INFO     root            Uploading [/var/folders/1y/1wxwnnd51yb6zjv9vq4g5q000000gn/T/tmpgp34rklj/tmp01r0celk/main.go] to [staging.eelsaaa.appspot.com/627e083aea0f5252308d7432961ab4e346373853]
2024-03-06 01:35:48,882 INFO     ___FILE_ONLY___ ══════════
2024-03-06 01:35:48,898 INFO     ___FILE_ONLY___ ══════════
2024-03-06 01:35:48,911 INFO     ___FILE_ONLY___ ══════════
2024-03-06 01:35:48,914 INFO     ___FILE_ONLY___ ══════════
2024-03-06 01:35:48,922 INFO     ___FILE_ONLY___ ══════════
2024-03-06 01:35:48,923 INFO     ___FILE_ONLY___ ══════════
2024-03-06 01:35:48,923 INFO     ___FILE_ONLY___ ╝

2024-03-06 01:35:48,932 INFO     ___FILE_ONLY___ File upload done.

2024-03-06 01:35:48,933 INFO     root            Manifest: [{'app.yaml': {'sourceUrl': 'https://storage.googleapis.com/staging.eelsaaa.appspot.com/b28bd10f6beff66d7a26e56e555a529fcca994c8', 'sha1Sum': 'b28bd10f6beff66d7a26e56e555a529fcca994c8'}, 'go.mod': {'sourceUrl': 'https://storage.googleapis.com/staging.eelsaaa.appspot.com/940b55d1fa8ea72cc628c7076144073c431e7539', 'sha1Sum': '940b55d1fa8ea72cc628c7076144073c431e7539'}, 'go.sum': {'sourceUrl': 'https://storage.googleapis.com/staging.eelsaaa.appspot.com/1a132ac0a66009e08b8aff8100c20bd987fecb1b', 'sha1Sum': '1a132ac0a66009e08b8aff8100c20bd987fecb1b'}, 'handleResult.go': {'sourceUrl': 'https://storage.googleapis.com/staging.eelsaaa.appspot.com/edc98f6dcf84536a014e74d598eb45ce2d7610a0', 'sha1Sum': 'edc98f6dcf84536a014e74d598eb45ce2d7610a0'}, '_main-package-path': {'sourceUrl': 'https://storage.googleapis.com/staging.eelsaaa.appspot.com/3a52ce780950d4d969792a2559cd519d7ee8c727', 'sha1Sum': '3a52ce780950d4d969792a2559cd519d7ee8c727'}, '.env': {'sourceUrl': 'https://storage.googleapis.com/staging.eelsaaa.appspot.com/03c8adfed6eeef9ca097b59d01706aa54ff56f17', 'sha1Sum': '03c8adfed6eeef9ca097b59d01706aa54ff56f17'}, 'exec': {'sourceUrl': 'https://storage.googleapis.com/staging.eelsaaa.appspot.com/9957c728cca8152ecc0a01c929aa4732d145d57e', 'sha1Sum': '9957c728cca8152ecc0a01c929aa4732d145d57e'}, 'testPage.go': {'sourceUrl': 'https://storage.googleapis.com/staging.eelsaaa.appspot.com/6432434ed5d09601ba640b7a7568250c8104ddb8', 'sha1Sum': '6432434ed5d09601ba640b7a7568250c8104ddb8'}, 'dataPage.go': {'sourceUrl': 'https://storage.googleapis.com/staging.eelsaaa.appspot.com/4d2eeca616c0c9800cd615aced3fd2ac9864bf1a', 'sha1Sum': '4d2eeca616c0c9800cd615aced3fd2ac9864bf1a'}, 'main.go': {'sourceUrl': 'https://storage.googleapis.com/staging.eelsaaa.appspot.com/627e083aea0f5252308d7432961ab4e346373853', 'sha1Sum': '627e083aea0f5252308d7432961ab4e346373853'}, 'components/base.templ': {'sourceUrl': 'https://storage.googleapis.com/staging.eelsaaa.appspot.com/c96a7064409ef75967a16d1463b01047ef20bf15', 'sha1Sum': 'c96a7064409ef75967a16d1463b01047ef20bf15'}, 'components/data_templ.go': {'sourceUrl': 'https://storage.googleapis.com/staging.eelsaaa.appspot.com/7012e1d2b623ac588bb8b354231abaa1e95d895b', 'sha1Sum': '7012e1d2b623ac588bb8b354231abaa1e95d895b'}, 'components/data.templ': {'sourceUrl': 'https://storage.googleapis.com/staging.eelsaaa.appspot.com/377088beb65a675464711224e4dbb9d1795ee82e', 'sha1Sum': '377088beb65a675464711224e4dbb9d1795ee82e'}, 'components/test.templ': {'sourceUrl': 'https://storage.googleapis.com/staging.eelsaaa.appspot.com/287811350f64f1784ac0a6ec4777e0aa500c0046', 'sha1Sum': '287811350f64f1784ac0a6ec4777e0aa500c0046'}, 'components/base_templ.go': {'sourceUrl': 'https://storage.googleapis.com/staging.eelsaaa.appspot.com/ffc6808c0c64b0c847c2576d0e05b4406b8fa14b', 'sha1Sum': 'ffc6808c0c64b0c847c2576d0e05b4406b8fa14b'}, 'components/test_templ.go': {'sourceUrl': 'https://storage.googleapis.com/staging.eelsaaa.appspot.com/e80413a296376bd2beff221ae91d62574ad4380b', 'sha1Sum': 'e80413a296376bd2beff221ae91d62574ad4380b'}}]
2024-03-06 01:35:48,933 DEBUG    root            Converted YAML to JSON: "{
  "entrypoint": {
    "shell": ""
  },
  "envVariables": {
    "DATABASE_URL": "postgres://website:tuA8qkuCDrR4V2Pg@database-1.cp62g286s9a0.us-east-2.rds.amazonaws.com:5432/eelsaaa"
  },
  "runtime": "go121"
}"
2024-03-06 01:35:49,287 DEBUG    root            Operation [apps/eelsaaa/operations/c93ef17e-80a1-4743-bbd9-4f3da2118557] not complete. Waiting to retry.
2024-03-06 01:35:49,290 INFO     ___FILE_ONLY___ Updating service [default]...
2024-03-06 01:35:50,492 DEBUG    root            Operation [apps/eelsaaa/operations/c93ef17e-80a1-4743-bbd9-4f3da2118557] not complete. Waiting to retry.
2024-03-06 01:35:56,495 DEBUG    root            Operation [apps/eelsaaa/operations/c93ef17e-80a1-4743-bbd9-4f3da2118557] not complete. Waiting to retry.
2024-03-06 01:36:01,911 DEBUG    root            Operation [apps/eelsaaa/operations/c93ef17e-80a1-4743-bbd9-4f3da2118557] not complete. Waiting to retry.
2024-03-06 01:36:07,623 DEBUG    root            Operation [apps/eelsaaa/operations/c93ef17e-80a1-4743-bbd9-4f3da2118557] not complete. Waiting to retry.
2024-03-06 01:36:13,226 DEBUG    root            Operation [apps/eelsaaa/operations/c93ef17e-80a1-4743-bbd9-4f3da2118557] not complete. Waiting to retry.
2024-03-06 01:36:19,342 DEBUG    root            Operation [apps/eelsaaa/operations/c93ef17e-80a1-4743-bbd9-4f3da2118557] not complete. Waiting to retry.
2024-03-06 01:36:25,365 DEBUG    root            Operation [apps/eelsaaa/operations/c93ef17e-80a1-4743-bbd9-4f3da2118557] not complete. Waiting to retry.
2024-03-06 01:36:31,257 DEBUG    root            Operation [apps/eelsaaa/operations/c93ef17e-80a1-4743-bbd9-4f3da2118557] not complete. Waiting to retry.
2024-03-06 01:36:36,588 DEBUG    root            Operation [apps/eelsaaa/operations/c93ef17e-80a1-4743-bbd9-4f3da2118557] not complete. Waiting to retry.
2024-03-06 01:36:41,891 DEBUG    root            Operation [apps/eelsaaa/operations/c93ef17e-80a1-4743-bbd9-4f3da2118557] not complete. Waiting to retry.
2024-03-06 01:36:47,247 DEBUG    root            Operation [apps/eelsaaa/operations/c93ef17e-80a1-4743-bbd9-4f3da2118557] not complete. Waiting to retry.
2024-03-06 01:36:52,868 DEBUG    root            Operation [apps/eelsaaa/operations/c93ef17e-80a1-4743-bbd9-4f3da2118557] not complete. Waiting to retry.
2024-03-06 01:36:58,916 DEBUG    root            Operation [apps/eelsaaa/operations/c93ef17e-80a1-4743-bbd9-4f3da2118557] not complete. Waiting to retry.
2024-03-06 01:37:04,382 DEBUG    root            Operation [apps/eelsaaa/operations/c93ef17e-80a1-4743-bbd9-4f3da2118557] not complete. Waiting to retry.
2024-03-06 01:37:10,154 DEBUG    root            Operation [apps/eelsaaa/operations/c93ef17e-80a1-4743-bbd9-4f3da2118557] not complete. Waiting to retry.
2024-03-06 01:37:16,110 DEBUG    root            Operation [apps/eelsaaa/operations/c93ef17e-80a1-4743-bbd9-4f3da2118557] not complete. Waiting to retry.
2024-03-06 01:37:21,965 DEBUG    root            Operation [apps/eelsaaa/operations/c93ef17e-80a1-4743-bbd9-4f3da2118557] not complete. Waiting to retry.
2024-03-06 01:37:27,864 DEBUG    root            Operation [apps/eelsaaa/operations/c93ef17e-80a1-4743-bbd9-4f3da2118557] not complete. Waiting to retry.
2024-03-06 01:37:33,651 DEBUG    root            Operation [apps/eelsaaa/operations/c93ef17e-80a1-4743-bbd9-4f3da2118557] not complete. Waiting to retry.
2024-03-06 01:37:39,397 DEBUG    root            Operation [apps/eelsaaa/operations/c93ef17e-80a1-4743-bbd9-4f3da2118557] complete. Result: {
    "done": true,
    "metadata": {
        "@type": "type.googleapis.com/google.appengine.v1.OperationMetadataV1",
        "endTime": "2024-03-06T06:37:34.315Z",
        "insertTime": "2024-03-06T06:35:49.115Z",
        "method": "google.appengine.v1.Versions.CreateVersion",
        "target": "apps/eelsaaa/services/default/versions/20240306t013547",
        "user": "eleanorkolson@gmail.com"
    },
    "name": "apps/eelsaaa/operations/c93ef17e-80a1-4743-bbd9-4f3da2118557",
    "response": {
        "@type": "type.googleapis.com/google.appengine.v1.Version",
        "createTime": "2024-03-06T06:37:28Z",
        "diskUsageBytes": "28821052",
        "env": "standard",
        "id": "20240306t013547",
        "instanceClass": "F1",
        "name": "apps/eelsaaa/services/default/versions/20240306t013547",
        "network": {},
        "runtime": "go121",
        "runtimeChannel": "default",
        "servingStatus": "SERVING",
        "threadsafe": true,
        "versionUrl": "https://20240306t013547-dot-eelsaaa.appspot.com"
    }
}
2024-03-06 01:37:39,908 DEBUG    root            Operation [apps/eelsaaa/operations/77aed1aa-4109-438c-bf75-09d1d57f0518] not complete. Waiting to retry.
2024-03-06 01:37:39,910 INFO     ___FILE_ONLY___ Setting traffic split for service [default]...
2024-03-06 01:37:41,041 DEBUG    root            Operation [apps/eelsaaa/operations/77aed1aa-4109-438c-bf75-09d1d57f0518] not complete. Waiting to retry.
2024-03-06 01:37:46,410 DEBUG    root            Operation [apps/eelsaaa/operations/77aed1aa-4109-438c-bf75-09d1d57f0518] complete. Result: {
    "done": true,
    "metadata": {
        "@type": "type.googleapis.com/google.appengine.v1.OperationMetadataV1",
        "endTime": "2024-03-06T06:37:45.336Z",
        "insertTime": "2024-03-06T06:37:39.914Z",
        "method": "google.appengine.v1.Services.UpdateService",
        "target": "apps/eelsaaa/services/default",
        "user": "eleanorkolson@gmail.com"
    },
    "name": "apps/eelsaaa/operations/77aed1aa-4109-438c-bf75-09d1d57f0518",
    "response": {
        "@type": "type.googleapis.com/google.appengine.v1.Service",
        "id": "default",
        "name": "apps/eelsaaa/services/default",
        "split": {
            "allocations": {
                "20240306t013547": 1
            }
        }
    }
}
2024-03-06 01:37:46,445 INFO     root            Previous default version [eelsaaa/default/20240305t223243] is an automatically scaled standard environment app, so not stopping it.
2024-03-06 01:37:46,445 INFO     ___FILE_ONLY___ Deployed service [default] to [https://eelsaaa.ue.r.appspot.com]

2024-03-06 01:37:46,448 INFO     ___FILE_ONLY___ 
You can stream logs from the command line by running:
  $ gcloud app logs tail -s default

2024-03-06 01:37:46,448 INFO     ___FILE_ONLY___ 
To view your application in the web browser run:
  $ gcloud app browse

2024-03-06 01:37:46,449 DEBUG    root            Chosen display Format:none
2024-03-06 01:37:46,449 INFO     root            Display format: "none"
