2024-03-08 14:57:35,038 DEBUG    root            Loaded Command Group: ['gcloud', 'app']
2024-03-08 14:57:35,079 DEBUG    root            Loaded Command Group: ['gcloud', 'app', 'deploy']
2024-03-08 14:57:35,081 DEBUG    root            Running [gcloud.app.deploy] with arguments: []
2024-03-08 14:57:35,088 DEBUG    root            Loading runtimes experiment config from [gs://runtime-builders/experiments.yaml]
2024-03-08 14:57:35,097 INFO     root            Reading [<googlecloudsdk.api_lib.storage.storage_util.ObjectReference object at 0x1065fecd0>]
2024-03-08 14:57:35,296 DEBUG    root            Flex image build option: FlexImageBuildOptions.ON_SERVER
2024-03-08 14:57:35,311 INFO     root            Executing staging command: [/Users/ellie/google-cloud-sdk/platform/google_appengine/go-app-stager /Users/ellie/Documents/RPI/Classes/ALing/eelsAAA/src/app.yaml /Users/ellie/Documents/RPI/Classes/ALing/eelsAAA/src /var/folders/1y/1wxwnnd51yb6zjv9vq4g5q000000gn/T/tmpoj9rh4tq/tmp7rz01mwe]


2024-03-08 14:57:35,311 DEBUG    root            Executing command: ['/Users/ellie/google-cloud-sdk/platform/google_appengine/go-app-stager', '/Users/ellie/Documents/RPI/Classes/ALing/eelsAAA/src/app.yaml', '/Users/ellie/Documents/RPI/Classes/ALing/eelsAAA/src', '/var/folders/1y/1wxwnnd51yb6zjv9vq4g5q000000gn/T/tmpoj9rh4tq/tmp7rz01mwe']
2024-03-08 14:57:35,334 INFO     root            ------------------------------------ STDOUT ------------------------------------
building with dependencies from go.mod
------------------------------------ STDERR ------------------------------------
2024/03/08 14:57:35 staging for go1.21
main-package: .
copied /Users/ellie/Documents/RPI/Classes/ALing/eelsAAA/src/.env to /var/folders/1y/1wxwnnd51yb6zjv9vq4g5q000000gn/T/tmpoj9rh4tq/tmp7rz01mwe/.env
copied /Users/ellie/Documents/RPI/Classes/ALing/eelsAAA/src/.gcloudignore to /var/folders/1y/1wxwnnd51yb6zjv9vq4g5q000000gn/T/tmpoj9rh4tq/tmp7rz01mwe/.gcloudignore
copied /Users/ellie/Documents/RPI/Classes/ALing/eelsAAA/src/app.yaml to /var/folders/1y/1wxwnnd51yb6zjv9vq4g5q000000gn/T/tmpoj9rh4tq/tmp7rz01mwe/app.yaml
copied /Users/ellie/Documents/RPI/Classes/ALing/eelsAAA/src/components/base.templ to /var/folders/1y/1wxwnnd51yb6zjv9vq4g5q000000gn/T/tmpoj9rh4tq/tmp7rz01mwe/components/base.templ
copied /Users/ellie/Documents/RPI/Classes/ALing/eelsAAA/src/components/base_templ.go to /var/folders/1y/1wxwnnd51yb6zjv9vq4g5q000000gn/T/tmpoj9rh4tq/tmp7rz01mwe/components/base_templ.go
copied /Users/ellie/Documents/RPI/Classes/ALing/eelsAAA/src/components/data.templ to /var/folders/1y/1wxwnnd51yb6zjv9vq4g5q000000gn/T/tmpoj9rh4tq/tmp7rz01mwe/components/data.templ
copied /Users/ellie/Documents/RPI/Classes/ALing/eelsAAA/src/components/data_templ.go to /var/folders/1y/1wxwnnd51yb6zjv9vq4g5q000000gn/T/tmpoj9rh4tq/tmp7rz01mwe/components/data_templ.go
copied /Users/ellie/Documents/RPI/Classes/ALing/eelsAAA/src/components/test.templ to /var/folders/1y/1wxwnnd51yb6zjv9vq4g5q000000gn/T/tmpoj9rh4tq/tmp7rz01mwe/components/test.templ
copied /Users/ellie/Documents/RPI/Classes/ALing/eelsAAA/src/components/test_templ.go to /var/folders/1y/1wxwnnd51yb6zjv9vq4g5q000000gn/T/tmpoj9rh4tq/tmp7rz01mwe/components/test_templ.go
copied /Users/ellie/Documents/RPI/Classes/ALing/eelsAAA/src/dataPage.go to /var/folders/1y/1wxwnnd51yb6zjv9vq4g5q000000gn/T/tmpoj9rh4tq/tmp7rz01mwe/dataPage.go
copied /Users/ellie/Documents/RPI/Classes/ALing/eelsAAA/src/exec to /var/folders/1y/1wxwnnd51yb6zjv9vq4g5q000000gn/T/tmpoj9rh4tq/tmp7rz01mwe/exec
copied /Users/ellie/Documents/RPI/Classes/ALing/eelsAAA/src/go.mod to /var/folders/1y/1wxwnnd51yb6zjv9vq4g5q000000gn/T/tmpoj9rh4tq/tmp7rz01mwe/go.mod
copied /Users/ellie/Documents/RPI/Classes/ALing/eelsAAA/src/go.sum to /var/folders/1y/1wxwnnd51yb6zjv9vq4g5q000000gn/T/tmpoj9rh4tq/tmp7rz01mwe/go.sum
copied /Users/ellie/Documents/RPI/Classes/ALing/eelsAAA/src/handleResult.go to /var/folders/1y/1wxwnnd51yb6zjv9vq4g5q000000gn/T/tmpoj9rh4tq/tmp7rz01mwe/handleResult.go
copied /Users/ellie/Documents/RPI/Classes/ALing/eelsAAA/src/main.go to /var/folders/1y/1wxwnnd51yb6zjv9vq4g5q000000gn/T/tmpoj9rh4tq/tmp7rz01mwe/main.go
copied /Users/ellie/Documents/RPI/Classes/ALing/eelsAAA/src/testPage.go to /var/folders/1y/1wxwnnd51yb6zjv9vq4g5q000000gn/T/tmpoj9rh4tq/tmp7rz01mwe/testPage.go
--------------------------------------------------------------------------------

2024-03-08 14:57:35,335 DEBUG    root            API endpoint: [https://appengine.googleapis.com/], API version: [v1]
2024-03-08 14:57:35,342 DEBUG    google.auth.transport.requests Making request: POST https://oauth2.googleapis.com/token
2024-03-08 14:57:35,365 DEBUG    urllib3.connectionpool Starting new HTTPS connection (1): oauth2.googleapis.com:443
2024-03-08 14:57:35,516 DEBUG    urllib3.connectionpool https://oauth2.googleapis.com:443 "POST /token HTTP/1.1" 200 None
2024-03-08 14:57:36,091 INFO     ___FILE_ONLY___ Services to deploy:


2024-03-08 14:57:36,093 INFO     ___FILE_ONLY___ descriptor:                  [/Users/ellie/Documents/RPI/Classes/ALing/eelsAAA/src/app.yaml]
source:                      [/Users/ellie/Documents/RPI/Classes/ALing/eelsAAA/src]
target project:              [eelsaaa]
target service:              [default]
target version:              [20240308t145736]
target url:                  [https://eelsaaa.ue.r.appspot.com]
target service account:      [eelsaaa@appspot.gserviceaccount.com]



2024-03-08 14:57:58,515 DEBUG    root            No bucket specified, retrieving default bucket.
2024-03-08 14:57:58,519 DEBUG    root            Using bucket [gs://staging.eelsaaa.appspot.com].
2024-03-08 14:57:58,687 INFO     ___FILE_ONLY___ Beginning deployment of service [default]...

2024-03-08 14:57:58,688 INFO     root            Using ignore file at [/Users/ellie/Documents/RPI/Classes/ALing/eelsAAA/src/.gcloudignore].
2024-03-08 14:57:58,690 DEBUG    root            Skipping file [.gcloudignore]
2024-03-08 14:57:58,720 DEBUG    root            Could not call git with args ('config', '--get-regexp', 'remote\\.(.*)\\.url'): Command '['git', 'config', '--get-regexp', 'remote\\.(.*)\\.url']' returned non-zero exit status 1.
2024-03-08 14:57:58,720 INFO     root            Could not find any remote repositories associated with [/var/folders/1y/1wxwnnd51yb6zjv9vq4g5q000000gn/T/tmpoj9rh4tq/tmp7rz01mwe]. Cloud diagnostic tools may not be able to display the correct source code for this deployment.
2024-03-08 14:57:59,038 DEBUG    root            Skipping upload of [app.yaml]
2024-03-08 14:57:59,038 INFO     root            Incremental upload skipped 100.0% of data
2024-03-08 14:57:59,038 DEBUG    root            Skipping upload of [go.mod]
2024-03-08 14:57:59,038 INFO     root            Incremental upload skipped 100.0% of data
2024-03-08 14:57:59,038 DEBUG    root            Skipping upload of [go.sum]
2024-03-08 14:57:59,038 INFO     root            Incremental upload skipped 100.0% of data
2024-03-08 14:57:59,038 INFO     root            Incremental upload skipped 74.76% of data
2024-03-08 14:57:59,038 DEBUG    root            Skipping upload of [_main-package-path]
2024-03-08 14:57:59,039 INFO     root            Incremental upload skipped 74.77% of data
2024-03-08 14:57:59,039 DEBUG    root            Skipping upload of [.env]
2024-03-08 14:57:59,039 INFO     root            Incremental upload skipped 74.85% of data
2024-03-08 14:57:59,039 DEBUG    root            Skipping upload of [exec]
2024-03-08 14:57:59,039 INFO     root            Incremental upload skipped 99.99% of data
2024-03-08 14:57:59,039 DEBUG    root            Skipping upload of [testPage.go]
2024-03-08 14:57:59,039 INFO     root            Incremental upload skipped 99.99% of data
2024-03-08 14:57:59,039 DEBUG    root            Skipping upload of [dataPage.go]
2024-03-08 14:57:59,039 INFO     root            Incremental upload skipped 99.99% of data
2024-03-08 14:57:59,039 DEBUG    root            Skipping upload of [main.go]
2024-03-08 14:57:59,039 INFO     root            Incremental upload skipped 99.99% of data
2024-03-08 14:57:59,039 DEBUG    root            Skipping upload of [components/base.templ]
2024-03-08 14:57:59,039 INFO     root            Incremental upload skipped 99.99% of data
2024-03-08 14:57:59,039 DEBUG    root            Skipping upload of [components/data_templ.go]
2024-03-08 14:57:59,039 INFO     root            Incremental upload skipped 99.99% of data
2024-03-08 14:57:59,039 DEBUG    root            Skipping upload of [components/data.templ]
2024-03-08 14:57:59,039 INFO     root            Incremental upload skipped 99.99% of data
2024-03-08 14:57:59,039 INFO     root            Incremental upload skipped 99.97% of data
2024-03-08 14:57:59,039 DEBUG    root            Skipping upload of [components/base_templ.go]
2024-03-08 14:57:59,039 INFO     root            Incremental upload skipped 99.97% of data
2024-03-08 14:57:59,039 INFO     root            Incremental upload skipped 99.94% of data
2024-03-08 14:57:59,040 DEBUG    root            Uploading 3 files to Google Cloud Storage
2024-03-08 14:57:59,040 DEBUG    root            Using [16] threads
2024-03-08 14:57:59,040 INFO     ___FILE_ONLY___ ╔════════════════════════════════════════════════════════════╗

2024-03-08 14:57:59,040 INFO     ___FILE_ONLY___ ╠═ Uploading 3 files to Google Cloud Storage                ═╣

2024-03-08 14:57:59,041 INFO     ___FILE_ONLY___ ╚
2024-03-08 14:57:59,051 INFO     root            Uploading [/var/folders/1y/1wxwnnd51yb6zjv9vq4g5q000000gn/T/tmpoj9rh4tq/tmp7rz01mwe/components/test.templ] to [staging.eelsaaa.appspot.com/dc2d5ad2171abc6dacddd622539bec27848baa43]
2024-03-08 14:57:59,051 INFO     root            Uploading [/var/folders/1y/1wxwnnd51yb6zjv9vq4g5q000000gn/T/tmpoj9rh4tq/tmp7rz01mwe/handleResult.go] to [staging.eelsaaa.appspot.com/eaeeb5a3cd6d139e2a93a596ff7aa67732c5a9f7]
2024-03-08 14:57:59,053 INFO     root            Uploading [/var/folders/1y/1wxwnnd51yb6zjv9vq4g5q000000gn/T/tmpoj9rh4tq/tmp7rz01mwe/components/test_templ.go] to [staging.eelsaaa.appspot.com/348b304c57cc1180c46b42793f7cc8f6134eda0f]
2024-03-08 14:57:59,257 INFO     ___FILE_ONLY___ ════════════════════
2024-03-08 14:57:59,260 INFO     ___FILE_ONLY___ ════════════════════
2024-03-08 14:57:59,261 INFO     ___FILE_ONLY___ ════════════════════
2024-03-08 14:57:59,261 INFO     ___FILE_ONLY___ ╝

2024-03-08 14:57:59,274 INFO     ___FILE_ONLY___ File upload done.

2024-03-08 14:57:59,274 INFO     root            Manifest: [{'app.yaml': {'sourceUrl': 'https://storage.googleapis.com/staging.eelsaaa.appspot.com/b28bd10f6beff66d7a26e56e555a529fcca994c8', 'sha1Sum': 'b28bd10f6beff66d7a26e56e555a529fcca994c8'}, 'go.mod': {'sourceUrl': 'https://storage.googleapis.com/staging.eelsaaa.appspot.com/940b55d1fa8ea72cc628c7076144073c431e7539', 'sha1Sum': '940b55d1fa8ea72cc628c7076144073c431e7539'}, 'go.sum': {'sourceUrl': 'https://storage.googleapis.com/staging.eelsaaa.appspot.com/1a132ac0a66009e08b8aff8100c20bd987fecb1b', 'sha1Sum': '1a132ac0a66009e08b8aff8100c20bd987fecb1b'}, 'handleResult.go': {'sourceUrl': 'https://storage.googleapis.com/staging.eelsaaa.appspot.com/eaeeb5a3cd6d139e2a93a596ff7aa67732c5a9f7', 'sha1Sum': 'eaeeb5a3cd6d139e2a93a596ff7aa67732c5a9f7'}, '_main-package-path': {'sourceUrl': 'https://storage.googleapis.com/staging.eelsaaa.appspot.com/3a52ce780950d4d969792a2559cd519d7ee8c727', 'sha1Sum': '3a52ce780950d4d969792a2559cd519d7ee8c727'}, '.env': {'sourceUrl': 'https://storage.googleapis.com/staging.eelsaaa.appspot.com/03c8adfed6eeef9ca097b59d01706aa54ff56f17', 'sha1Sum': '03c8adfed6eeef9ca097b59d01706aa54ff56f17'}, 'exec': {'sourceUrl': 'https://storage.googleapis.com/staging.eelsaaa.appspot.com/9957c728cca8152ecc0a01c929aa4732d145d57e', 'sha1Sum': '9957c728cca8152ecc0a01c929aa4732d145d57e'}, 'testPage.go': {'sourceUrl': 'https://storage.googleapis.com/staging.eelsaaa.appspot.com/6a766818a18080fee6a99d4551d9e81fb2e79ef0', 'sha1Sum': '6a766818a18080fee6a99d4551d9e81fb2e79ef0'}, 'dataPage.go': {'sourceUrl': 'https://storage.googleapis.com/staging.eelsaaa.appspot.com/8773b82950c5e7d5cc34b4b09fc1005e0f0a749b', 'sha1Sum': '8773b82950c5e7d5cc34b4b09fc1005e0f0a749b'}, 'main.go': {'sourceUrl': 'https://storage.googleapis.com/staging.eelsaaa.appspot.com/627e083aea0f5252308d7432961ab4e346373853', 'sha1Sum': '627e083aea0f5252308d7432961ab4e346373853'}, 'components/base.templ': {'sourceUrl': 'https://storage.googleapis.com/staging.eelsaaa.appspot.com/c96a7064409ef75967a16d1463b01047ef20bf15', 'sha1Sum': 'c96a7064409ef75967a16d1463b01047ef20bf15'}, 'components/data_templ.go': {'sourceUrl': 'https://storage.googleapis.com/staging.eelsaaa.appspot.com/7012e1d2b623ac588bb8b354231abaa1e95d895b', 'sha1Sum': '7012e1d2b623ac588bb8b354231abaa1e95d895b'}, 'components/data.templ': {'sourceUrl': 'https://storage.googleapis.com/staging.eelsaaa.appspot.com/377088beb65a675464711224e4dbb9d1795ee82e', 'sha1Sum': '377088beb65a675464711224e4dbb9d1795ee82e'}, 'components/test.templ': {'sourceUrl': 'https://storage.googleapis.com/staging.eelsaaa.appspot.com/dc2d5ad2171abc6dacddd622539bec27848baa43', 'sha1Sum': 'dc2d5ad2171abc6dacddd622539bec27848baa43'}, 'components/base_templ.go': {'sourceUrl': 'https://storage.googleapis.com/staging.eelsaaa.appspot.com/ffc6808c0c64b0c847c2576d0e05b4406b8fa14b', 'sha1Sum': 'ffc6808c0c64b0c847c2576d0e05b4406b8fa14b'}, 'components/test_templ.go': {'sourceUrl': 'https://storage.googleapis.com/staging.eelsaaa.appspot.com/348b304c57cc1180c46b42793f7cc8f6134eda0f', 'sha1Sum': '348b304c57cc1180c46b42793f7cc8f6134eda0f'}}]
2024-03-08 14:57:59,276 DEBUG    root            Converted YAML to JSON: "{
  "entrypoint": {
    "shell": ""
  },
  "envVariables": {
    "DATABASE_URL": "postgres://website:tuA8qkuCDrR4V2Pg@database-1.cp62g286s9a0.us-east-2.rds.amazonaws.com:5432/eelsaaa"
  },
  "runtime": "go121"
}"
2024-03-08 14:57:59,586 DEBUG    root            Operation [apps/eelsaaa/operations/49a73148-8b80-49b3-962d-3603b11cafd4] not complete. Waiting to retry.
2024-03-08 14:57:59,588 INFO     ___FILE_ONLY___ Updating service [default]...
2024-03-08 14:58:00,730 DEBUG    root            Operation [apps/eelsaaa/operations/49a73148-8b80-49b3-962d-3603b11cafd4] not complete. Waiting to retry.
2024-03-08 14:58:05,913 DEBUG    root            Operation [apps/eelsaaa/operations/49a73148-8b80-49b3-962d-3603b11cafd4] not complete. Waiting to retry.
2024-03-08 14:58:11,598 DEBUG    root            Operation [apps/eelsaaa/operations/49a73148-8b80-49b3-962d-3603b11cafd4] not complete. Waiting to retry.
2024-03-08 14:58:17,423 DEBUG    root            Operation [apps/eelsaaa/operations/49a73148-8b80-49b3-962d-3603b11cafd4] not complete. Waiting to retry.
2024-03-08 14:58:23,259 DEBUG    root            Operation [apps/eelsaaa/operations/49a73148-8b80-49b3-962d-3603b11cafd4] not complete. Waiting to retry.
2024-03-08 14:58:28,451 DEBUG    root            Operation [apps/eelsaaa/operations/49a73148-8b80-49b3-962d-3603b11cafd4] not complete. Waiting to retry.
2024-03-08 14:58:34,432 DEBUG    root            Operation [apps/eelsaaa/operations/49a73148-8b80-49b3-962d-3603b11cafd4] not complete. Waiting to retry.
2024-03-08 14:58:40,341 DEBUG    root            Operation [apps/eelsaaa/operations/49a73148-8b80-49b3-962d-3603b11cafd4] not complete. Waiting to retry.
2024-03-08 14:58:46,259 DEBUG    root            Operation [apps/eelsaaa/operations/49a73148-8b80-49b3-962d-3603b11cafd4] not complete. Waiting to retry.
2024-03-08 14:58:51,694 DEBUG    root            Operation [apps/eelsaaa/operations/49a73148-8b80-49b3-962d-3603b11cafd4] not complete. Waiting to retry.
2024-03-08 14:58:57,500 DEBUG    root            Operation [apps/eelsaaa/operations/49a73148-8b80-49b3-962d-3603b11cafd4] not complete. Waiting to retry.
2024-03-08 14:59:03,112 DEBUG    root            Operation [apps/eelsaaa/operations/49a73148-8b80-49b3-962d-3603b11cafd4] not complete. Waiting to retry.
2024-03-08 14:59:08,492 DEBUG    root            Operation [apps/eelsaaa/operations/49a73148-8b80-49b3-962d-3603b11cafd4] not complete. Waiting to retry.
2024-03-08 14:59:14,400 DEBUG    root            Operation [apps/eelsaaa/operations/49a73148-8b80-49b3-962d-3603b11cafd4] not complete. Waiting to retry.
2024-03-08 14:59:19,914 DEBUG    root            Operation [apps/eelsaaa/operations/49a73148-8b80-49b3-962d-3603b11cafd4] not complete. Waiting to retry.
2024-03-08 14:59:25,833 DEBUG    root            Operation [apps/eelsaaa/operations/49a73148-8b80-49b3-962d-3603b11cafd4] complete. Result: {
    "done": true,
    "metadata": {
        "@type": "type.googleapis.com/google.appengine.v1.OperationMetadataV1",
        "endTime": "2024-03-08T19:59:19.952Z",
        "insertTime": "2024-03-08T19:57:59.504Z",
        "method": "google.appengine.v1.Versions.CreateVersion",
        "target": "apps/eelsaaa/services/default/versions/20240308t145736",
        "user": "eleanorkolson@gmail.com"
    },
    "name": "apps/eelsaaa/operations/49a73148-8b80-49b3-962d-3603b11cafd4",
    "response": {
        "@type": "type.googleapis.com/google.appengine.v1.Version",
        "createTime": "2024-03-08T19:59:14Z",
        "diskUsageBytes": "28823736",
        "env": "standard",
        "id": "20240308t145736",
        "instanceClass": "F1",
        "name": "apps/eelsaaa/services/default/versions/20240308t145736",
        "network": {},
        "runtime": "go121",
        "runtimeChannel": "default",
        "servingStatus": "SERVING",
        "threadsafe": true,
        "versionUrl": "https://20240308t145736-dot-eelsaaa.appspot.com"
    }
}
2024-03-08 14:59:26,379 DEBUG    root            Operation [apps/eelsaaa/operations/9f0be436-2a11-42ed-a784-b7621632f13c] not complete. Waiting to retry.
2024-03-08 14:59:26,381 INFO     ___FILE_ONLY___ Setting traffic split for service [default]...
2024-03-08 14:59:27,522 DEBUG    root            Operation [apps/eelsaaa/operations/9f0be436-2a11-42ed-a784-b7621632f13c] not complete. Waiting to retry.
2024-03-08 14:59:33,658 DEBUG    root            Operation [apps/eelsaaa/operations/9f0be436-2a11-42ed-a784-b7621632f13c] complete. Result: {
    "done": true,
    "metadata": {
        "@type": "type.googleapis.com/google.appengine.v1.OperationMetadataV1",
        "endTime": "2024-03-08T19:59:30.976Z",
        "insertTime": "2024-03-08T19:59:26.385Z",
        "method": "google.appengine.v1.Services.UpdateService",
        "target": "apps/eelsaaa/services/default",
        "user": "eleanorkolson@gmail.com"
    },
    "name": "apps/eelsaaa/operations/9f0be436-2a11-42ed-a784-b7621632f13c",
    "response": {
        "@type": "type.googleapis.com/google.appengine.v1.Service",
        "id": "default",
        "name": "apps/eelsaaa/services/default",
        "split": {
            "allocations": {
                "20240308t145736": 1
            }
        }
    }
}
2024-03-08 14:59:33,742 INFO     root            Previous default version [eelsaaa/default/20240308t144828] is an automatically scaled standard environment app, so not stopping it.
2024-03-08 14:59:33,742 INFO     ___FILE_ONLY___ Deployed service [default] to [https://eelsaaa.ue.r.appspot.com]

2024-03-08 14:59:33,746 INFO     ___FILE_ONLY___ 
You can stream logs from the command line by running:
  $ gcloud app logs tail -s default

2024-03-08 14:59:33,747 INFO     ___FILE_ONLY___ 
To view your application in the web browser run:
  $ gcloud app browse

2024-03-08 14:59:33,747 DEBUG    root            Chosen display Format:none
2024-03-08 14:59:33,747 INFO     root            Display format: "none"
