2024-03-05 20:46:41,424 DEBUG    root            Loaded Command Group: ['gcloud', 'app']
2024-03-05 20:46:41,455 DEBUG    root            Loaded Command Group: ['gcloud', 'app', 'deploy']
2024-03-05 20:46:41,457 DEBUG    root            Running [gcloud.app.deploy] with arguments: []
2024-03-05 20:46:41,462 DEBUG    root            Loading runtimes experiment config from [gs://runtime-builders/experiments.yaml]
2024-03-05 20:46:41,470 INFO     root            Reading [<googlecloudsdk.api_lib.storage.storage_util.ObjectReference object at 0x1076c6dd0>]
2024-03-05 20:46:41,613 DEBUG    root            Flex image build option: FlexImageBuildOptions.ON_SERVER
2024-03-05 20:46:41,624 INFO     root            Executing staging command: [/Users/ellie/google-cloud-sdk/platform/google_appengine/go-app-stager /Users/ellie/Documents/RPI/Classes/ALing/eelsAAA/src/app.yaml /Users/ellie/Documents/RPI/Classes/ALing/eelsAAA/src /var/folders/1y/1wxwnnd51yb6zjv9vq4g5q000000gn/T/tmp5_flxbn0/tmpvjm7ada2]


2024-03-05 20:46:41,624 DEBUG    root            Executing command: ['/Users/ellie/google-cloud-sdk/platform/google_appengine/go-app-stager', '/Users/ellie/Documents/RPI/Classes/ALing/eelsAAA/src/app.yaml', '/Users/ellie/Documents/RPI/Classes/ALing/eelsAAA/src', '/var/folders/1y/1wxwnnd51yb6zjv9vq4g5q000000gn/T/tmp5_flxbn0/tmpvjm7ada2']
2024-03-05 20:46:41,641 INFO     root            ------------------------------------ STDOUT ------------------------------------
building with dependencies from go.mod
------------------------------------ STDERR ------------------------------------
2024/03/05 20:46:41 staging for go1.21
main-package: .
copied /Users/ellie/Documents/RPI/Classes/ALing/eelsAAA/src/.env to /var/folders/1y/1wxwnnd51yb6zjv9vq4g5q000000gn/T/tmp5_flxbn0/tmpvjm7ada2/.env
copied /Users/ellie/Documents/RPI/Classes/ALing/eelsAAA/src/.gcloudignore to /var/folders/1y/1wxwnnd51yb6zjv9vq4g5q000000gn/T/tmp5_flxbn0/tmpvjm7ada2/.gcloudignore
copied /Users/ellie/Documents/RPI/Classes/ALing/eelsAAA/src/app.yaml to /var/folders/1y/1wxwnnd51yb6zjv9vq4g5q000000gn/T/tmp5_flxbn0/tmpvjm7ada2/app.yaml
copied /Users/ellie/Documents/RPI/Classes/ALing/eelsAAA/src/components/base.templ to /var/folders/1y/1wxwnnd51yb6zjv9vq4g5q000000gn/T/tmp5_flxbn0/tmpvjm7ada2/components/base.templ
copied /Users/ellie/Documents/RPI/Classes/ALing/eelsAAA/src/components/base_templ.go to /var/folders/1y/1wxwnnd51yb6zjv9vq4g5q000000gn/T/tmp5_flxbn0/tmpvjm7ada2/components/base_templ.go
copied /Users/ellie/Documents/RPI/Classes/ALing/eelsAAA/src/components/test.templ to /var/folders/1y/1wxwnnd51yb6zjv9vq4g5q000000gn/T/tmp5_flxbn0/tmpvjm7ada2/components/test.templ
copied /Users/ellie/Documents/RPI/Classes/ALing/eelsAAA/src/components/test_templ.go to /var/folders/1y/1wxwnnd51yb6zjv9vq4g5q000000gn/T/tmp5_flxbn0/tmpvjm7ada2/components/test_templ.go
copied /Users/ellie/Documents/RPI/Classes/ALing/eelsAAA/src/exec to /var/folders/1y/1wxwnnd51yb6zjv9vq4g5q000000gn/T/tmp5_flxbn0/tmpvjm7ada2/exec
copied /Users/ellie/Documents/RPI/Classes/ALing/eelsAAA/src/go.mod to /var/folders/1y/1wxwnnd51yb6zjv9vq4g5q000000gn/T/tmp5_flxbn0/tmpvjm7ada2/go.mod
copied /Users/ellie/Documents/RPI/Classes/ALing/eelsAAA/src/go.sum to /var/folders/1y/1wxwnnd51yb6zjv9vq4g5q000000gn/T/tmp5_flxbn0/tmpvjm7ada2/go.sum
copied /Users/ellie/Documents/RPI/Classes/ALing/eelsAAA/src/handleResult.go to /var/folders/1y/1wxwnnd51yb6zjv9vq4g5q000000gn/T/tmp5_flxbn0/tmpvjm7ada2/handleResult.go
copied /Users/ellie/Documents/RPI/Classes/ALing/eelsAAA/src/main.go to /var/folders/1y/1wxwnnd51yb6zjv9vq4g5q000000gn/T/tmp5_flxbn0/tmpvjm7ada2/main.go
copied /Users/ellie/Documents/RPI/Classes/ALing/eelsAAA/src/testPage.go to /var/folders/1y/1wxwnnd51yb6zjv9vq4g5q000000gn/T/tmp5_flxbn0/tmpvjm7ada2/testPage.go
--------------------------------------------------------------------------------

2024-03-05 20:46:41,641 DEBUG    root            API endpoint: [https://appengine.googleapis.com/], API version: [v1]
2024-03-05 20:46:41,646 DEBUG    google.auth.transport.requests Making request: POST https://oauth2.googleapis.com/token
2024-03-05 20:46:41,670 DEBUG    urllib3.connectionpool Starting new HTTPS connection (1): oauth2.googleapis.com:443
2024-03-05 20:46:41,807 DEBUG    urllib3.connectionpool https://oauth2.googleapis.com:443 "POST /token HTTP/1.1" 200 None
2024-03-05 20:46:42,115 INFO     ___FILE_ONLY___ Services to deploy:


2024-03-05 20:46:42,116 INFO     ___FILE_ONLY___ descriptor:                  [/Users/ellie/Documents/RPI/Classes/ALing/eelsAAA/src/app.yaml]
source:                      [/Users/ellie/Documents/RPI/Classes/ALing/eelsAAA/src]
target project:              [eelsaaa]
target service:              [default]
target version:              [20240305t204642]
target url:                  [https://eelsaaa.ue.r.appspot.com]
target service account:      [eelsaaa@appspot.gserviceaccount.com]



2024-03-05 20:46:42,968 DEBUG    root            No bucket specified, retrieving default bucket.
2024-03-05 20:46:42,970 DEBUG    root            Using bucket [gs://staging.eelsaaa.appspot.com].
2024-03-05 20:46:43,132 INFO     ___FILE_ONLY___ Beginning deployment of service [default]...

2024-03-05 20:46:43,134 INFO     root            Using ignore file at [/Users/ellie/Documents/RPI/Classes/ALing/eelsAAA/src/.gcloudignore].
2024-03-05 20:46:43,135 DEBUG    root            Skipping file [.gcloudignore]
2024-03-05 20:46:43,164 DEBUG    root            Could not call git with args ('config', '--get-regexp', 'remote\\.(.*)\\.url'): Command '['git', 'config', '--get-regexp', 'remote\\.(.*)\\.url']' returned non-zero exit status 1.
2024-03-05 20:46:43,165 INFO     root            Could not find any remote repositories associated with [/var/folders/1y/1wxwnnd51yb6zjv9vq4g5q000000gn/T/tmp5_flxbn0/tmpvjm7ada2]. Cloud diagnostic tools may not be able to display the correct source code for this deployment.
2024-03-05 20:46:43,419 INFO     root            Incremental upload skipped 0.0% of data
2024-03-05 20:46:43,419 DEBUG    root            Skipping upload of [go.mod]
2024-03-05 20:46:43,419 INFO     root            Incremental upload skipped 79.94% of data
2024-03-05 20:46:43,419 DEBUG    root            Skipping upload of [go.sum]
2024-03-05 20:46:43,419 INFO     root            Incremental upload skipped 95.79% of data
2024-03-05 20:46:43,420 DEBUG    root            Skipping upload of [handleResult.go]
2024-03-05 20:46:43,420 INFO     root            Incremental upload skipped 96.79% of data
2024-03-05 20:46:43,420 DEBUG    root            Skipping upload of [_main-package-path]
2024-03-05 20:46:43,420 INFO     root            Incremental upload skipped 96.79% of data
2024-03-05 20:46:43,420 DEBUG    root            Skipping upload of [.env]
2024-03-05 20:46:43,420 INFO     root            Incremental upload skipped 96.8% of data
2024-03-05 20:46:43,420 DEBUG    root            Skipping upload of [exec]
2024-03-05 20:46:43,420 INFO     root            Incremental upload skipped 100.0% of data
2024-03-05 20:46:43,420 DEBUG    root            Skipping upload of [testPage.go]
2024-03-05 20:46:43,420 INFO     root            Incremental upload skipped 100.0% of data
2024-03-05 20:46:43,420 DEBUG    root            Skipping upload of [main.go]
2024-03-05 20:46:43,420 INFO     root            Incremental upload skipped 100.0% of data
2024-03-05 20:46:43,420 DEBUG    root            Skipping upload of [components/base.templ]
2024-03-05 20:46:43,420 INFO     root            Incremental upload skipped 100.0% of data
2024-03-05 20:46:43,420 DEBUG    root            Skipping upload of [components/test.templ]
2024-03-05 20:46:43,420 INFO     root            Incremental upload skipped 100.0% of data
2024-03-05 20:46:43,420 DEBUG    root            Skipping upload of [components/base_templ.go]
2024-03-05 20:46:43,420 INFO     root            Incremental upload skipped 100.0% of data
2024-03-05 20:46:43,420 DEBUG    root            Skipping upload of [components/test_templ.go]
2024-03-05 20:46:43,420 INFO     root            Incremental upload skipped 100.0% of data
2024-03-05 20:46:43,421 DEBUG    root            Uploading 1 file to Google Cloud Storage
2024-03-05 20:46:43,421 DEBUG    root            Using [16] threads
2024-03-05 20:46:43,421 INFO     ___FILE_ONLY___ ╔════════════════════════════════════════════════════════════╗

2024-03-05 20:46:43,422 INFO     ___FILE_ONLY___ ╠═ Uploading 1 file to Google Cloud Storage                 ═╣

2024-03-05 20:46:43,422 INFO     ___FILE_ONLY___ ╚
2024-03-05 20:46:43,430 INFO     root            Uploading [/var/folders/1y/1wxwnnd51yb6zjv9vq4g5q000000gn/T/tmp5_flxbn0/tmpvjm7ada2/app.yaml] to [staging.eelsaaa.appspot.com/f292370725e88e1c417ed44d27f8b10e15275f2f]
2024-03-05 20:46:43,622 INFO     ___FILE_ONLY___ ════════════════════════════════════════════════════════════
2024-03-05 20:46:43,622 INFO     ___FILE_ONLY___ ╝

2024-03-05 20:46:43,624 INFO     ___FILE_ONLY___ File upload done.

2024-03-05 20:46:43,624 INFO     root            Manifest: [{'app.yaml': {'sourceUrl': 'https://storage.googleapis.com/staging.eelsaaa.appspot.com/f292370725e88e1c417ed44d27f8b10e15275f2f', 'sha1Sum': 'f292370725e88e1c417ed44d27f8b10e15275f2f'}, 'go.mod': {'sourceUrl': 'https://storage.googleapis.com/staging.eelsaaa.appspot.com/940b55d1fa8ea72cc628c7076144073c431e7539', 'sha1Sum': '940b55d1fa8ea72cc628c7076144073c431e7539'}, 'go.sum': {'sourceUrl': 'https://storage.googleapis.com/staging.eelsaaa.appspot.com/1a132ac0a66009e08b8aff8100c20bd987fecb1b', 'sha1Sum': '1a132ac0a66009e08b8aff8100c20bd987fecb1b'}, 'handleResult.go': {'sourceUrl': 'https://storage.googleapis.com/staging.eelsaaa.appspot.com/ff60bad10aaa52edce49bc909295a7591b66ee55', 'sha1Sum': 'ff60bad10aaa52edce49bc909295a7591b66ee55'}, '_main-package-path': {'sourceUrl': 'https://storage.googleapis.com/staging.eelsaaa.appspot.com/3a52ce780950d4d969792a2559cd519d7ee8c727', 'sha1Sum': '3a52ce780950d4d969792a2559cd519d7ee8c727'}, '.env': {'sourceUrl': 'https://storage.googleapis.com/staging.eelsaaa.appspot.com/03c8adfed6eeef9ca097b59d01706aa54ff56f17', 'sha1Sum': '03c8adfed6eeef9ca097b59d01706aa54ff56f17'}, 'exec': {'sourceUrl': 'https://storage.googleapis.com/staging.eelsaaa.appspot.com/9957c728cca8152ecc0a01c929aa4732d145d57e', 'sha1Sum': '9957c728cca8152ecc0a01c929aa4732d145d57e'}, 'testPage.go': {'sourceUrl': 'https://storage.googleapis.com/staging.eelsaaa.appspot.com/21fb017c5b3ee9a5a70a0da2609d577fa14eeaac', 'sha1Sum': '21fb017c5b3ee9a5a70a0da2609d577fa14eeaac'}, 'main.go': {'sourceUrl': 'https://storage.googleapis.com/staging.eelsaaa.appspot.com/d8579d3e71fa20138bc9eb5c7073374ecafa5cf0', 'sha1Sum': 'd8579d3e71fa20138bc9eb5c7073374ecafa5cf0'}, 'components/base.templ': {'sourceUrl': 'https://storage.googleapis.com/staging.eelsaaa.appspot.com/c96a7064409ef75967a16d1463b01047ef20bf15', 'sha1Sum': 'c96a7064409ef75967a16d1463b01047ef20bf15'}, 'components/test.templ': {'sourceUrl': 'https://storage.googleapis.com/staging.eelsaaa.appspot.com/287811350f64f1784ac0a6ec4777e0aa500c0046', 'sha1Sum': '287811350f64f1784ac0a6ec4777e0aa500c0046'}, 'components/base_templ.go': {'sourceUrl': 'https://storage.googleapis.com/staging.eelsaaa.appspot.com/ffc6808c0c64b0c847c2576d0e05b4406b8fa14b', 'sha1Sum': 'ffc6808c0c64b0c847c2576d0e05b4406b8fa14b'}, 'components/test_templ.go': {'sourceUrl': 'https://storage.googleapis.com/staging.eelsaaa.appspot.com/e80413a296376bd2beff221ae91d62574ad4380b', 'sha1Sum': 'e80413a296376bd2beff221ae91d62574ad4380b'}}]
2024-03-05 20:46:43,625 DEBUG    root            Converted YAML to JSON: "{
  "entrypoint": {
    "shell": ""
  },
  "envVariables": {
    "DATABASE_URL": "postgres://xvkxeqyb:53UrnaxF8vIIIpbVZ2d1Qc_AQfydwCNi@ruby.db.elephantsql.com/"
  },
  "runtime": "go121"
}"
2024-03-05 20:46:43,899 DEBUG    root            Operation [apps/eelsaaa/operations/95e774c2-76df-400d-96c9-83a17bb41f5e] not complete. Waiting to retry.
2024-03-05 20:46:43,902 INFO     ___FILE_ONLY___ Updating service [default]...
2024-03-05 20:46:45,055 DEBUG    root            Operation [apps/eelsaaa/operations/95e774c2-76df-400d-96c9-83a17bb41f5e] not complete. Waiting to retry.
2024-03-05 20:46:50,761 DEBUG    root            Operation [apps/eelsaaa/operations/95e774c2-76df-400d-96c9-83a17bb41f5e] not complete. Waiting to retry.
2024-03-05 20:46:56,639 DEBUG    root            Operation [apps/eelsaaa/operations/95e774c2-76df-400d-96c9-83a17bb41f5e] not complete. Waiting to retry.
2024-03-05 20:47:02,296 DEBUG    root            Operation [apps/eelsaaa/operations/95e774c2-76df-400d-96c9-83a17bb41f5e] not complete. Waiting to retry.
2024-03-05 20:47:07,534 DEBUG    root            Operation [apps/eelsaaa/operations/95e774c2-76df-400d-96c9-83a17bb41f5e] not complete. Waiting to retry.
2024-03-05 20:47:13,520 DEBUG    root            Operation [apps/eelsaaa/operations/95e774c2-76df-400d-96c9-83a17bb41f5e] not complete. Waiting to retry.
2024-03-05 20:47:19,237 DEBUG    root            Operation [apps/eelsaaa/operations/95e774c2-76df-400d-96c9-83a17bb41f5e] not complete. Waiting to retry.
2024-03-05 20:47:25,213 DEBUG    root            Operation [apps/eelsaaa/operations/95e774c2-76df-400d-96c9-83a17bb41f5e] not complete. Waiting to retry.
2024-03-05 20:47:30,836 DEBUG    root            Operation [apps/eelsaaa/operations/95e774c2-76df-400d-96c9-83a17bb41f5e] not complete. Waiting to retry.
2024-03-05 20:47:36,235 DEBUG    root            Operation [apps/eelsaaa/operations/95e774c2-76df-400d-96c9-83a17bb41f5e] not complete. Waiting to retry.
2024-03-05 20:47:42,297 DEBUG    root            Operation [apps/eelsaaa/operations/95e774c2-76df-400d-96c9-83a17bb41f5e] not complete. Waiting to retry.
2024-03-05 20:47:47,453 DEBUG    root            Operation [apps/eelsaaa/operations/95e774c2-76df-400d-96c9-83a17bb41f5e] not complete. Waiting to retry.
2024-03-05 20:47:52,793 DEBUG    root            Operation [apps/eelsaaa/operations/95e774c2-76df-400d-96c9-83a17bb41f5e] not complete. Waiting to retry.
2024-03-05 20:47:58,768 DEBUG    root            Operation [apps/eelsaaa/operations/95e774c2-76df-400d-96c9-83a17bb41f5e] not complete. Waiting to retry.
2024-03-05 20:48:03,910 DEBUG    root            Operation [apps/eelsaaa/operations/95e774c2-76df-400d-96c9-83a17bb41f5e] not complete. Waiting to retry.
2024-03-05 20:48:10,007 DEBUG    root            Operation [apps/eelsaaa/operations/95e774c2-76df-400d-96c9-83a17bb41f5e] not complete. Waiting to retry.
2024-03-05 20:48:15,345 DEBUG    root            Operation [apps/eelsaaa/operations/95e774c2-76df-400d-96c9-83a17bb41f5e] not complete. Waiting to retry.
2024-03-05 20:48:21,076 DEBUG    root            Operation [apps/eelsaaa/operations/95e774c2-76df-400d-96c9-83a17bb41f5e] not complete. Waiting to retry.
2024-03-05 20:48:27,101 DEBUG    root            Operation [apps/eelsaaa/operations/95e774c2-76df-400d-96c9-83a17bb41f5e] complete. Result: {
    "done": true,
    "metadata": {
        "@type": "type.googleapis.com/google.appengine.v1.OperationMetadataV1",
        "endTime": "2024-03-06T01:48:23.229Z",
        "insertTime": "2024-03-06T01:46:43.797Z",
        "method": "google.appengine.v1.Versions.CreateVersion",
        "target": "apps/eelsaaa/services/default/versions/20240305t204642",
        "user": "eleanorkolson@gmail.com"
    },
    "name": "apps/eelsaaa/operations/95e774c2-76df-400d-96c9-83a17bb41f5e",
    "response": {
        "@type": "type.googleapis.com/google.appengine.v1.Version",
        "createTime": "2024-03-06T01:48:17Z",
        "diskUsageBytes": "28788326",
        "env": "standard",
        "id": "20240305t204642",
        "instanceClass": "F1",
        "name": "apps/eelsaaa/services/default/versions/20240305t204642",
        "network": {},
        "runtime": "go121",
        "runtimeChannel": "default",
        "servingStatus": "SERVING",
        "threadsafe": true,
        "versionUrl": "https://20240305t204642-dot-eelsaaa.appspot.com"
    }
}
2024-03-05 20:48:27,599 DEBUG    root            Operation [apps/eelsaaa/operations/ed53886a-4498-4249-9a60-6cfde4ee12cf] not complete. Waiting to retry.
2024-03-05 20:48:27,601 INFO     ___FILE_ONLY___ Setting traffic split for service [default]...
2024-03-05 20:48:28,761 DEBUG    root            Operation [apps/eelsaaa/operations/ed53886a-4498-4249-9a60-6cfde4ee12cf] not complete. Waiting to retry.
2024-03-05 20:48:34,396 DEBUG    root            Operation [apps/eelsaaa/operations/ed53886a-4498-4249-9a60-6cfde4ee12cf] complete. Result: {
    "done": true,
    "metadata": {
        "@type": "type.googleapis.com/google.appengine.v1.OperationMetadataV1",
        "endTime": "2024-03-06T01:48:32.501Z",
        "insertTime": "2024-03-06T01:48:27.561Z",
        "method": "google.appengine.v1.Services.UpdateService",
        "target": "apps/eelsaaa/services/default",
        "user": "eleanorkolson@gmail.com"
    },
    "name": "apps/eelsaaa/operations/ed53886a-4498-4249-9a60-6cfde4ee12cf",
    "response": {
        "@type": "type.googleapis.com/google.appengine.v1.Service",
        "id": "default",
        "name": "apps/eelsaaa/services/default",
        "split": {
            "allocations": {
                "20240305t204642": 1
            }
        }
    }
}
2024-03-05 20:48:34,548 INFO     root            Previous default version [eelsaaa/default/20240305t203712] is an automatically scaled standard environment app, so not stopping it.
2024-03-05 20:48:34,549 INFO     ___FILE_ONLY___ Deployed service [default] to [https://eelsaaa.ue.r.appspot.com]

2024-03-05 20:48:34,555 INFO     ___FILE_ONLY___ 
You can stream logs from the command line by running:
  $ gcloud app logs tail -s default

2024-03-05 20:48:34,555 INFO     ___FILE_ONLY___ 
To view your application in the web browser run:
  $ gcloud app browse

2024-03-05 20:48:34,556 DEBUG    root            Chosen display Format:none
2024-03-05 20:48:34,556 INFO     root            Display format: "none"
