2024-03-05 21:33:39,478 DEBUG    root            Loaded Command Group: ['gcloud', 'app']
2024-03-05 21:33:39,544 DEBUG    root            Loaded Command Group: ['gcloud', 'app', 'deploy']
2024-03-05 21:33:39,545 DEBUG    root            Running [gcloud.app.deploy] with arguments: []
2024-03-05 21:33:39,579 DEBUG    root            Loading runtimes experiment config from [gs://runtime-builders/experiments.yaml]
2024-03-05 21:33:39,589 INFO     root            Reading [<googlecloudsdk.api_lib.storage.storage_util.ObjectReference object at 0x107ba3f90>]
2024-03-05 21:33:39,750 DEBUG    root            Flex image build option: FlexImageBuildOptions.ON_SERVER
2024-03-05 21:33:39,764 INFO     root            Executing staging command: [/Users/ellie/google-cloud-sdk/platform/google_appengine/go-app-stager /Users/ellie/Documents/RPI/Classes/ALing/eelsAAA/src/app.yaml /Users/ellie/Documents/RPI/Classes/ALing/eelsAAA/src /var/folders/1y/1wxwnnd51yb6zjv9vq4g5q000000gn/T/tmpjsaibv7h/tmpgtqlnvpp]


2024-03-05 21:33:39,764 DEBUG    root            Executing command: ['/Users/ellie/google-cloud-sdk/platform/google_appengine/go-app-stager', '/Users/ellie/Documents/RPI/Classes/ALing/eelsAAA/src/app.yaml', '/Users/ellie/Documents/RPI/Classes/ALing/eelsAAA/src', '/var/folders/1y/1wxwnnd51yb6zjv9vq4g5q000000gn/T/tmpjsaibv7h/tmpgtqlnvpp']
2024-03-05 21:33:39,795 INFO     root            ------------------------------------ STDOUT ------------------------------------
building with dependencies from go.mod
------------------------------------ STDERR ------------------------------------
2024/03/05 21:33:39 staging for go1.21
main-package: .
copied /Users/ellie/Documents/RPI/Classes/ALing/eelsAAA/src/.env to /var/folders/1y/1wxwnnd51yb6zjv9vq4g5q000000gn/T/tmpjsaibv7h/tmpgtqlnvpp/.env
copied /Users/ellie/Documents/RPI/Classes/ALing/eelsAAA/src/.gcloudignore to /var/folders/1y/1wxwnnd51yb6zjv9vq4g5q000000gn/T/tmpjsaibv7h/tmpgtqlnvpp/.gcloudignore
copied /Users/ellie/Documents/RPI/Classes/ALing/eelsAAA/src/app.yaml to /var/folders/1y/1wxwnnd51yb6zjv9vq4g5q000000gn/T/tmpjsaibv7h/tmpgtqlnvpp/app.yaml
copied /Users/ellie/Documents/RPI/Classes/ALing/eelsAAA/src/components/base.templ to /var/folders/1y/1wxwnnd51yb6zjv9vq4g5q000000gn/T/tmpjsaibv7h/tmpgtqlnvpp/components/base.templ
copied /Users/ellie/Documents/RPI/Classes/ALing/eelsAAA/src/components/base_templ.go to /var/folders/1y/1wxwnnd51yb6zjv9vq4g5q000000gn/T/tmpjsaibv7h/tmpgtqlnvpp/components/base_templ.go
copied /Users/ellie/Documents/RPI/Classes/ALing/eelsAAA/src/components/test.templ to /var/folders/1y/1wxwnnd51yb6zjv9vq4g5q000000gn/T/tmpjsaibv7h/tmpgtqlnvpp/components/test.templ
copied /Users/ellie/Documents/RPI/Classes/ALing/eelsAAA/src/components/test_templ.go to /var/folders/1y/1wxwnnd51yb6zjv9vq4g5q000000gn/T/tmpjsaibv7h/tmpgtqlnvpp/components/test_templ.go
copied /Users/ellie/Documents/RPI/Classes/ALing/eelsAAA/src/exec to /var/folders/1y/1wxwnnd51yb6zjv9vq4g5q000000gn/T/tmpjsaibv7h/tmpgtqlnvpp/exec
copied /Users/ellie/Documents/RPI/Classes/ALing/eelsAAA/src/go.mod to /var/folders/1y/1wxwnnd51yb6zjv9vq4g5q000000gn/T/tmpjsaibv7h/tmpgtqlnvpp/go.mod
copied /Users/ellie/Documents/RPI/Classes/ALing/eelsAAA/src/go.sum to /var/folders/1y/1wxwnnd51yb6zjv9vq4g5q000000gn/T/tmpjsaibv7h/tmpgtqlnvpp/go.sum
copied /Users/ellie/Documents/RPI/Classes/ALing/eelsAAA/src/handleResult.go to /var/folders/1y/1wxwnnd51yb6zjv9vq4g5q000000gn/T/tmpjsaibv7h/tmpgtqlnvpp/handleResult.go
copied /Users/ellie/Documents/RPI/Classes/ALing/eelsAAA/src/main.go to /var/folders/1y/1wxwnnd51yb6zjv9vq4g5q000000gn/T/tmpjsaibv7h/tmpgtqlnvpp/main.go
copied /Users/ellie/Documents/RPI/Classes/ALing/eelsAAA/src/testPage.go to /var/folders/1y/1wxwnnd51yb6zjv9vq4g5q000000gn/T/tmpjsaibv7h/tmpgtqlnvpp/testPage.go
--------------------------------------------------------------------------------

2024-03-05 21:33:39,796 DEBUG    root            API endpoint: [https://appengine.googleapis.com/], API version: [v1]
2024-03-05 21:33:39,803 DEBUG    google.auth.transport.requests Making request: POST https://oauth2.googleapis.com/token
2024-03-05 21:33:39,824 DEBUG    urllib3.connectionpool Starting new HTTPS connection (1): oauth2.googleapis.com:443
2024-03-05 21:33:40,059 DEBUG    urllib3.connectionpool https://oauth2.googleapis.com:443 "POST /token HTTP/1.1" 200 None
2024-03-05 21:33:40,666 INFO     ___FILE_ONLY___ Services to deploy:


2024-03-05 21:33:40,667 INFO     ___FILE_ONLY___ descriptor:                  [/Users/ellie/Documents/RPI/Classes/ALing/eelsAAA/src/app.yaml]
source:                      [/Users/ellie/Documents/RPI/Classes/ALing/eelsAAA/src]
target project:              [eelsaaa]
target service:              [default]
target version:              [20240305t213340]
target url:                  [https://eelsaaa.ue.r.appspot.com]
target service account:      [eelsaaa@appspot.gserviceaccount.com]



2024-03-05 21:33:41,452 DEBUG    root            No bucket specified, retrieving default bucket.
2024-03-05 21:33:41,456 DEBUG    root            Using bucket [gs://staging.eelsaaa.appspot.com].
2024-03-05 21:33:41,600 INFO     ___FILE_ONLY___ Beginning deployment of service [default]...

2024-03-05 21:33:41,603 INFO     root            Using ignore file at [/Users/ellie/Documents/RPI/Classes/ALing/eelsAAA/src/.gcloudignore].
2024-03-05 21:33:41,605 DEBUG    root            Skipping file [.gcloudignore]
2024-03-05 21:33:41,643 DEBUG    root            Could not call git with args ('config', '--get-regexp', 'remote\\.(.*)\\.url'): Command '['git', 'config', '--get-regexp', 'remote\\.(.*)\\.url']' returned non-zero exit status 1.
2024-03-05 21:33:41,644 INFO     root            Could not find any remote repositories associated with [/var/folders/1y/1wxwnnd51yb6zjv9vq4g5q000000gn/T/tmpjsaibv7h/tmpgtqlnvpp]. Cloud diagnostic tools may not be able to display the correct source code for this deployment.
2024-03-05 21:33:41,946 INFO     root            Incremental upload skipped 0.0% of data
2024-03-05 21:33:41,946 DEBUG    root            Skipping upload of [go.mod]
2024-03-05 21:33:41,947 INFO     root            Incremental upload skipped 80.57% of data
2024-03-05 21:33:41,947 DEBUG    root            Skipping upload of [go.sum]
2024-03-05 21:33:41,947 INFO     root            Incremental upload skipped 95.95% of data
2024-03-05 21:33:41,947 DEBUG    root            Skipping upload of [handleResult.go]
2024-03-05 21:33:41,947 INFO     root            Incremental upload skipped 96.91% of data
2024-03-05 21:33:41,947 DEBUG    root            Skipping upload of [_main-package-path]
2024-03-05 21:33:41,947 INFO     root            Incremental upload skipped 96.91% of data
2024-03-05 21:33:41,947 DEBUG    root            Skipping upload of [.env]
2024-03-05 21:33:41,947 INFO     root            Incremental upload skipped 96.92% of data
2024-03-05 21:33:41,947 DEBUG    root            Skipping upload of [exec]
2024-03-05 21:33:41,947 INFO     root            Incremental upload skipped 100.0% of data
2024-03-05 21:33:41,947 INFO     root            Incremental upload skipped 99.99% of data
2024-03-05 21:33:41,947 DEBUG    root            Skipping upload of [main.go]
2024-03-05 21:33:41,947 INFO     root            Incremental upload skipped 99.99% of data
2024-03-05 21:33:41,947 DEBUG    root            Skipping upload of [components/base.templ]
2024-03-05 21:33:41,947 INFO     root            Incremental upload skipped 99.99% of data
2024-03-05 21:33:41,947 DEBUG    root            Skipping upload of [components/test.templ]
2024-03-05 21:33:41,947 INFO     root            Incremental upload skipped 99.99% of data
2024-03-05 21:33:41,947 DEBUG    root            Skipping upload of [components/base_templ.go]
2024-03-05 21:33:41,947 INFO     root            Incremental upload skipped 99.99% of data
2024-03-05 21:33:41,948 DEBUG    root            Skipping upload of [components/test_templ.go]
2024-03-05 21:33:41,948 INFO     root            Incremental upload skipped 99.99% of data
2024-03-05 21:33:41,948 DEBUG    root            Uploading 2 files to Google Cloud Storage
2024-03-05 21:33:41,948 DEBUG    root            Using [16] threads
2024-03-05 21:33:41,949 INFO     ___FILE_ONLY___ ╔════════════════════════════════════════════════════════════╗

2024-03-05 21:33:41,949 INFO     ___FILE_ONLY___ ╠═ Uploading 2 files to Google Cloud Storage                ═╣

2024-03-05 21:33:41,949 INFO     ___FILE_ONLY___ ╚
2024-03-05 21:33:41,961 INFO     root            Uploading [/var/folders/1y/1wxwnnd51yb6zjv9vq4g5q000000gn/T/tmpjsaibv7h/tmpgtqlnvpp/testPage.go] to [staging.eelsaaa.appspot.com/3ad31792e1e323ae080932a359af3116ac76bd8d]
2024-03-05 21:33:41,961 INFO     root            Uploading [/var/folders/1y/1wxwnnd51yb6zjv9vq4g5q000000gn/T/tmpjsaibv7h/tmpgtqlnvpp/app.yaml] to [staging.eelsaaa.appspot.com/3d15c33903bb447f03f793b02cfec5c585f715c1]
2024-03-05 21:33:42,171 INFO     ___FILE_ONLY___ ══════════════════════════════
2024-03-05 21:33:42,173 INFO     ___FILE_ONLY___ ══════════════════════════════
2024-03-05 21:33:42,173 INFO     ___FILE_ONLY___ ╝

2024-03-05 21:33:42,179 INFO     ___FILE_ONLY___ File upload done.

2024-03-05 21:33:42,179 INFO     root            Manifest: [{'app.yaml': {'sourceUrl': 'https://storage.googleapis.com/staging.eelsaaa.appspot.com/3d15c33903bb447f03f793b02cfec5c585f715c1', 'sha1Sum': '3d15c33903bb447f03f793b02cfec5c585f715c1'}, 'go.mod': {'sourceUrl': 'https://storage.googleapis.com/staging.eelsaaa.appspot.com/940b55d1fa8ea72cc628c7076144073c431e7539', 'sha1Sum': '940b55d1fa8ea72cc628c7076144073c431e7539'}, 'go.sum': {'sourceUrl': 'https://storage.googleapis.com/staging.eelsaaa.appspot.com/1a132ac0a66009e08b8aff8100c20bd987fecb1b', 'sha1Sum': '1a132ac0a66009e08b8aff8100c20bd987fecb1b'}, 'handleResult.go': {'sourceUrl': 'https://storage.googleapis.com/staging.eelsaaa.appspot.com/ff60bad10aaa52edce49bc909295a7591b66ee55', 'sha1Sum': 'ff60bad10aaa52edce49bc909295a7591b66ee55'}, '_main-package-path': {'sourceUrl': 'https://storage.googleapis.com/staging.eelsaaa.appspot.com/3a52ce780950d4d969792a2559cd519d7ee8c727', 'sha1Sum': '3a52ce780950d4d969792a2559cd519d7ee8c727'}, '.env': {'sourceUrl': 'https://storage.googleapis.com/staging.eelsaaa.appspot.com/03c8adfed6eeef9ca097b59d01706aa54ff56f17', 'sha1Sum': '03c8adfed6eeef9ca097b59d01706aa54ff56f17'}, 'exec': {'sourceUrl': 'https://storage.googleapis.com/staging.eelsaaa.appspot.com/9957c728cca8152ecc0a01c929aa4732d145d57e', 'sha1Sum': '9957c728cca8152ecc0a01c929aa4732d145d57e'}, 'testPage.go': {'sourceUrl': 'https://storage.googleapis.com/staging.eelsaaa.appspot.com/3ad31792e1e323ae080932a359af3116ac76bd8d', 'sha1Sum': '3ad31792e1e323ae080932a359af3116ac76bd8d'}, 'main.go': {'sourceUrl': 'https://storage.googleapis.com/staging.eelsaaa.appspot.com/d8579d3e71fa20138bc9eb5c7073374ecafa5cf0', 'sha1Sum': 'd8579d3e71fa20138bc9eb5c7073374ecafa5cf0'}, 'components/base.templ': {'sourceUrl': 'https://storage.googleapis.com/staging.eelsaaa.appspot.com/c96a7064409ef75967a16d1463b01047ef20bf15', 'sha1Sum': 'c96a7064409ef75967a16d1463b01047ef20bf15'}, 'components/test.templ': {'sourceUrl': 'https://storage.googleapis.com/staging.eelsaaa.appspot.com/287811350f64f1784ac0a6ec4777e0aa500c0046', 'sha1Sum': '287811350f64f1784ac0a6ec4777e0aa500c0046'}, 'components/base_templ.go': {'sourceUrl': 'https://storage.googleapis.com/staging.eelsaaa.appspot.com/ffc6808c0c64b0c847c2576d0e05b4406b8fa14b', 'sha1Sum': 'ffc6808c0c64b0c847c2576d0e05b4406b8fa14b'}, 'components/test_templ.go': {'sourceUrl': 'https://storage.googleapis.com/staging.eelsaaa.appspot.com/e80413a296376bd2beff221ae91d62574ad4380b', 'sha1Sum': 'e80413a296376bd2beff221ae91d62574ad4380b'}}]
2024-03-05 21:33:42,180 DEBUG    root            Converted YAML to JSON: "{
  "entrypoint": {
    "shell": ""
  },
  "envVariables": {
    "DATABASE_URL": "website@database-1.cp62g286s9a0.us-east-2.rds.amazonaws.com:5432/eelsaaa"
  },
  "runtime": "go121"
}"
2024-03-05 21:33:42,467 DEBUG    root            Operation [apps/eelsaaa/operations/d229f035-2eeb-4df5-aa2c-c1e25822c484] not complete. Waiting to retry.
2024-03-05 21:33:42,469 INFO     ___FILE_ONLY___ Updating service [default]...
2024-03-05 21:33:43,651 DEBUG    root            Operation [apps/eelsaaa/operations/d229f035-2eeb-4df5-aa2c-c1e25822c484] not complete. Waiting to retry.
2024-03-05 21:33:49,364 DEBUG    root            Operation [apps/eelsaaa/operations/d229f035-2eeb-4df5-aa2c-c1e25822c484] not complete. Waiting to retry.
2024-03-05 21:33:55,069 DEBUG    root            Operation [apps/eelsaaa/operations/d229f035-2eeb-4df5-aa2c-c1e25822c484] not complete. Waiting to retry.
2024-03-05 21:34:00,971 DEBUG    root            Operation [apps/eelsaaa/operations/d229f035-2eeb-4df5-aa2c-c1e25822c484] not complete. Waiting to retry.
2024-03-05 21:34:06,702 DEBUG    root            Operation [apps/eelsaaa/operations/d229f035-2eeb-4df5-aa2c-c1e25822c484] not complete. Waiting to retry.
2024-03-05 21:34:12,226 DEBUG    root            Operation [apps/eelsaaa/operations/d229f035-2eeb-4df5-aa2c-c1e25822c484] not complete. Waiting to retry.
2024-03-05 21:34:18,358 DEBUG    root            Operation [apps/eelsaaa/operations/d229f035-2eeb-4df5-aa2c-c1e25822c484] not complete. Waiting to retry.
2024-03-05 21:34:23,621 DEBUG    root            Operation [apps/eelsaaa/operations/d229f035-2eeb-4df5-aa2c-c1e25822c484] not complete. Waiting to retry.
2024-03-05 21:34:29,170 DEBUG    root            Operation [apps/eelsaaa/operations/d229f035-2eeb-4df5-aa2c-c1e25822c484] not complete. Waiting to retry.
2024-03-05 21:34:34,952 DEBUG    root            Operation [apps/eelsaaa/operations/d229f035-2eeb-4df5-aa2c-c1e25822c484] not complete. Waiting to retry.
2024-03-05 21:34:40,768 DEBUG    root            Operation [apps/eelsaaa/operations/d229f035-2eeb-4df5-aa2c-c1e25822c484] not complete. Waiting to retry.
2024-03-05 21:34:46,806 DEBUG    root            Operation [apps/eelsaaa/operations/d229f035-2eeb-4df5-aa2c-c1e25822c484] not complete. Waiting to retry.
2024-03-05 21:34:52,773 DEBUG    root            Operation [apps/eelsaaa/operations/d229f035-2eeb-4df5-aa2c-c1e25822c484] not complete. Waiting to retry.
2024-03-05 21:34:58,561 DEBUG    root            Operation [apps/eelsaaa/operations/d229f035-2eeb-4df5-aa2c-c1e25822c484] not complete. Waiting to retry.
2024-03-05 21:35:04,410 DEBUG    root            Operation [apps/eelsaaa/operations/d229f035-2eeb-4df5-aa2c-c1e25822c484] complete. Result: {
    "done": true,
    "metadata": {
        "@type": "type.googleapis.com/google.appengine.v1.OperationMetadataV1",
        "endTime": "2024-03-06T02:35:01.498Z",
        "insertTime": "2024-03-06T02:33:42.367Z",
        "method": "google.appengine.v1.Versions.CreateVersion",
        "target": "apps/eelsaaa/services/default/versions/20240305t213340",
        "user": "eleanorkolson@gmail.com"
    },
    "name": "apps/eelsaaa/operations/d229f035-2eeb-4df5-aa2c-c1e25822c484",
    "response": {
        "@type": "type.googleapis.com/google.appengine.v1.Version",
        "createTime": "2024-03-06T02:34:55Z",
        "diskUsageBytes": "28795383",
        "env": "standard",
        "id": "20240305t213340",
        "instanceClass": "F1",
        "name": "apps/eelsaaa/services/default/versions/20240305t213340",
        "network": {},
        "runtime": "go121",
        "runtimeChannel": "default",
        "servingStatus": "SERVING",
        "threadsafe": true,
        "versionUrl": "https://20240305t213340-dot-eelsaaa.appspot.com"
    }
}
2024-03-05 21:35:04,868 DEBUG    root            Operation [apps/eelsaaa/operations/4614d82b-0692-4fbe-8f29-904476ddeb24] not complete. Waiting to retry.
2024-03-05 21:35:04,869 INFO     ___FILE_ONLY___ Setting traffic split for service [default]...
2024-03-05 21:35:06,006 DEBUG    root            Operation [apps/eelsaaa/operations/4614d82b-0692-4fbe-8f29-904476ddeb24] not complete. Waiting to retry.
2024-03-05 21:35:11,339 DEBUG    root            Operation [apps/eelsaaa/operations/4614d82b-0692-4fbe-8f29-904476ddeb24] complete. Result: {
    "done": true,
    "metadata": {
        "@type": "type.googleapis.com/google.appengine.v1.OperationMetadataV1",
        "endTime": "2024-03-06T02:35:09.969Z",
        "insertTime": "2024-03-06T02:35:04.847Z",
        "method": "google.appengine.v1.Services.UpdateService",
        "target": "apps/eelsaaa/services/default",
        "user": "eleanorkolson@gmail.com"
    },
    "name": "apps/eelsaaa/operations/4614d82b-0692-4fbe-8f29-904476ddeb24",
    "response": {
        "@type": "type.googleapis.com/google.appengine.v1.Service",
        "id": "default",
        "name": "apps/eelsaaa/services/default",
        "split": {
            "allocations": {
                "20240305t213340": 1
            }
        }
    }
}
2024-03-05 21:35:11,368 INFO     root            Previous default version [eelsaaa/default/20240305t204642] is an automatically scaled standard environment app, so not stopping it.
2024-03-05 21:35:11,369 INFO     ___FILE_ONLY___ Deployed service [default] to [https://eelsaaa.ue.r.appspot.com]

2024-03-05 21:35:11,371 INFO     ___FILE_ONLY___ 
You can stream logs from the command line by running:
  $ gcloud app logs tail -s default

2024-03-05 21:35:11,371 INFO     ___FILE_ONLY___ 
To view your application in the web browser run:
  $ gcloud app browse

2024-03-05 21:35:11,371 DEBUG    root            Chosen display Format:none
2024-03-05 21:35:11,371 INFO     root            Display format: "none"
