2024-03-05 21:44:18,222 DEBUG    root            Loaded Command Group: ['gcloud', 'app']
2024-03-05 21:44:18,245 DEBUG    root            Loaded Command Group: ['gcloud', 'app', 'browse']
2024-03-05 21:44:18,269 DEBUG    root            Loaded Command Group: ['gcloud', 'app', 'deploy']
2024-03-05 21:44:18,271 DEBUG    root            Loaded Command Group: ['gcloud', 'app', 'versions']
2024-03-05 21:44:18,273 DEBUG    root            Loaded Command Group: ['gcloud', 'app', 'firewall_rules']
2024-03-05 21:44:18,274 DEBUG    root            No implementation for release track [GA] for element: [/Users/ellie/google-cloud-sdk/lib/surface/app/migrate_config]
2024-03-05 21:44:18,275 DEBUG    root            Loaded Command Group: ['gcloud', 'app', 'operations']
2024-03-05 21:44:18,276 DEBUG    root            Loaded Command Group: ['gcloud', 'app', 'logs']
2024-03-05 21:44:18,277 DEBUG    root            Loaded Command Group: ['gcloud', 'app', 'gen_repo_info_file']
2024-03-05 21:44:18,278 DEBUG    root            Loaded Command Group: ['gcloud', 'app', 'domain_mappings']
2024-03-05 21:44:18,279 DEBUG    root            Loaded Command Group: ['gcloud', 'app', 'instances']
2024-03-05 21:44:18,280 DEBUG    root            Loaded Command Group: ['gcloud', 'app', 'regions']
2024-03-05 21:44:18,281 DEBUG    root            No implementation for release track [GA] for element: [/Users/ellie/google-cloud-sdk/lib/surface/app/repair]
2024-03-05 21:44:18,282 DEBUG    root            Loaded Command Group: ['gcloud', 'app', 'open_console']
2024-03-05 21:44:18,283 DEBUG    root            Loaded Command Group: ['gcloud', 'app', 'services']
2024-03-05 21:44:18,285 DEBUG    root            Loaded Command Group: ['gcloud', 'app', 'update']
2024-03-05 21:44:18,291 DEBUG    root            No implementation for release track [GA] for element: [/Users/ellie/google-cloud-sdk/lib/surface/app/gen_config]
2024-03-05 21:44:18,291 DEBUG    root            Loaded Command Group: ['gcloud', 'app', 'ssl_certificates']
2024-03-05 21:44:18,292 DEBUG    root            Loaded Command Group: ['gcloud', 'app', 'create']
2024-03-05 21:44:18,293 DEBUG    root            Loaded Command Group: ['gcloud', 'app', 'describe']
2024-03-05 21:44:18,294 ERROR    root            (gcloud.app) Invalid choice: 'browser'.
