2024-03-09 10:53:37,776 DEBUG    root            Loaded Command Group: ['gcloud', 'app']
2024-03-09 10:53:37,842 DEBUG    root            Loaded Command Group: ['gcloud', 'app', 'deploy']
2024-03-09 10:53:37,843 DEBUG    root            Running [gcloud.app.deploy] with arguments: []
2024-03-09 10:53:37,873 DEBUG    google.auth.transport.requests Making request: POST https://oauth2.googleapis.com/token
2024-03-09 10:53:37,896 DEBUG    urllib3.connectionpool Starting new HTTPS connection (1): oauth2.googleapis.com:443
2024-03-09 10:53:38,047 DEBUG    urllib3.connectionpool https://oauth2.googleapis.com:443 "POST /token HTTP/1.1" 200 None
2024-03-09 10:53:38,063 DEBUG    root            Loading runtimes experiment config from [gs://runtime-builders/experiments.yaml]
2024-03-09 10:53:38,075 INFO     root            Reading [<googlecloudsdk.api_lib.storage.storage_util.ObjectReference object at 0x106f61dd0>]
2024-03-09 10:53:38,241 DEBUG    root            Flex image build option: FlexImageBuildOptions.ON_SERVER
2024-03-09 10:53:38,259 INFO     root            Executing staging command: [/Users/ellie/google-cloud-sdk/platform/google_appengine/go-app-stager /Users/ellie/Documents/RPI/Classes/ALing/eelsAAA/src/app.yaml /Users/ellie/Documents/RPI/Classes/ALing/eelsAAA/src /var/folders/1y/1wxwnnd51yb6zjv9vq4g5q000000gn/T/tmp_l8f5gnd/tmpawfr0dib]


2024-03-09 10:53:38,259 DEBUG    root            Executing command: ['/Users/ellie/google-cloud-sdk/platform/google_appengine/go-app-stager', '/Users/ellie/Documents/RPI/Classes/ALing/eelsAAA/src/app.yaml', '/Users/ellie/Documents/RPI/Classes/ALing/eelsAAA/src', '/var/folders/1y/1wxwnnd51yb6zjv9vq4g5q000000gn/T/tmp_l8f5gnd/tmpawfr0dib']
2024-03-09 10:53:38,292 INFO     root            ------------------------------------ STDOUT ------------------------------------
building with dependencies from go.mod
------------------------------------ STDERR ------------------------------------
2024/03/09 10:53:38 staging for go1.21
main-package: .
copied /Users/ellie/Documents/RPI/Classes/ALing/eelsAAA/src/.env to /var/folders/1y/1wxwnnd51yb6zjv9vq4g5q000000gn/T/tmp_l8f5gnd/tmpawfr0dib/.env
copied /Users/ellie/Documents/RPI/Classes/ALing/eelsAAA/src/.gcloudignore to /var/folders/1y/1wxwnnd51yb6zjv9vq4g5q000000gn/T/tmp_l8f5gnd/tmpawfr0dib/.gcloudignore
copied /Users/ellie/Documents/RPI/Classes/ALing/eelsAAA/src/app.yaml to /var/folders/1y/1wxwnnd51yb6zjv9vq4g5q000000gn/T/tmp_l8f5gnd/tmpawfr0dib/app.yaml
copied /Users/ellie/Documents/RPI/Classes/ALing/eelsAAA/src/components/base.templ to /var/folders/1y/1wxwnnd51yb6zjv9vq4g5q000000gn/T/tmp_l8f5gnd/tmpawfr0dib/components/base.templ
copied /Users/ellie/Documents/RPI/Classes/ALing/eelsAAA/src/components/base_templ.go to /var/folders/1y/1wxwnnd51yb6zjv9vq4g5q000000gn/T/tmp_l8f5gnd/tmpawfr0dib/components/base_templ.go
copied /Users/ellie/Documents/RPI/Classes/ALing/eelsAAA/src/components/data.templ to /var/folders/1y/1wxwnnd51yb6zjv9vq4g5q000000gn/T/tmp_l8f5gnd/tmpawfr0dib/components/data.templ
copied /Users/ellie/Documents/RPI/Classes/ALing/eelsAAA/src/components/data_templ.go to /var/folders/1y/1wxwnnd51yb6zjv9vq4g5q000000gn/T/tmp_l8f5gnd/tmpawfr0dib/components/data_templ.go
copied /Users/ellie/Documents/RPI/Classes/ALing/eelsAAA/src/components/entryVisualizer.templ to /var/folders/1y/1wxwnnd51yb6zjv9vq4g5q000000gn/T/tmp_l8f5gnd/tmpawfr0dib/components/entryVisualizer.templ
copied /Users/ellie/Documents/RPI/Classes/ALing/eelsAAA/src/components/entryVisualizer_templ.go to /var/folders/1y/1wxwnnd51yb6zjv9vq4g5q000000gn/T/tmp_l8f5gnd/tmpawfr0dib/components/entryVisualizer_templ.go
copied /Users/ellie/Documents/RPI/Classes/ALing/eelsAAA/src/components/test.templ to /var/folders/1y/1wxwnnd51yb6zjv9vq4g5q000000gn/T/tmp_l8f5gnd/tmpawfr0dib/components/test.templ
copied /Users/ellie/Documents/RPI/Classes/ALing/eelsAAA/src/components/test_templ.go to /var/folders/1y/1wxwnnd51yb6zjv9vq4g5q000000gn/T/tmp_l8f5gnd/tmpawfr0dib/components/test_templ.go
copied /Users/ellie/Documents/RPI/Classes/ALing/eelsAAA/src/dataPage.go to /var/folders/1y/1wxwnnd51yb6zjv9vq4g5q000000gn/T/tmp_l8f5gnd/tmpawfr0dib/dataPage.go
copied /Users/ellie/Documents/RPI/Classes/ALing/eelsAAA/src/exec to /var/folders/1y/1wxwnnd51yb6zjv9vq4g5q000000gn/T/tmp_l8f5gnd/tmpawfr0dib/exec
copied /Users/ellie/Documents/RPI/Classes/ALing/eelsAAA/src/go.mod to /var/folders/1y/1wxwnnd51yb6zjv9vq4g5q000000gn/T/tmp_l8f5gnd/tmpawfr0dib/go.mod
copied /Users/ellie/Documents/RPI/Classes/ALing/eelsAAA/src/go.sum to /var/folders/1y/1wxwnnd51yb6zjv9vq4g5q000000gn/T/tmp_l8f5gnd/tmpawfr0dib/go.sum
copied /Users/ellie/Documents/RPI/Classes/ALing/eelsAAA/src/handleResult.go to /var/folders/1y/1wxwnnd51yb6zjv9vq4g5q000000gn/T/tmp_l8f5gnd/tmpawfr0dib/handleResult.go
copied /Users/ellie/Documents/RPI/Classes/ALing/eelsAAA/src/main.go to /var/folders/1y/1wxwnnd51yb6zjv9vq4g5q000000gn/T/tmp_l8f5gnd/tmpawfr0dib/main.go
copied /Users/ellie/Documents/RPI/Classes/ALing/eelsAAA/src/testPage.go to /var/folders/1y/1wxwnnd51yb6zjv9vq4g5q000000gn/T/tmp_l8f5gnd/tmpawfr0dib/testPage.go
--------------------------------------------------------------------------------

2024-03-09 10:53:38,292 DEBUG    root            API endpoint: [https://appengine.googleapis.com/], API version: [v1]
2024-03-09 10:53:38,298 DEBUG    google.auth.transport.requests Making request: POST https://oauth2.googleapis.com/token
2024-03-09 10:53:38,300 DEBUG    urllib3.connectionpool Starting new HTTPS connection (1): oauth2.googleapis.com:443
2024-03-09 10:53:38,475 DEBUG    urllib3.connectionpool https://oauth2.googleapis.com:443 "POST /token HTTP/1.1" 200 None
2024-03-09 10:53:38,800 INFO     ___FILE_ONLY___ Services to deploy:


2024-03-09 10:53:38,801 INFO     ___FILE_ONLY___ descriptor:                  [/Users/ellie/Documents/RPI/Classes/ALing/eelsAAA/src/app.yaml]
source:                      [/Users/ellie/Documents/RPI/Classes/ALing/eelsAAA/src]
target project:              [eelsaaa]
target service:              [default]
target version:              [20240309t105338]
target url:                  [https://eelsaaa.ue.r.appspot.com]
target service account:      [eelsaaa@appspot.gserviceaccount.com]



2024-03-09 10:53:39,478 DEBUG    root            No bucket specified, retrieving default bucket.
2024-03-09 10:53:39,481 DEBUG    root            Using bucket [gs://staging.eelsaaa.appspot.com].
2024-03-09 10:53:39,644 INFO     ___FILE_ONLY___ Beginning deployment of service [default]...

2024-03-09 10:53:39,646 INFO     root            Using ignore file at [/Users/ellie/Documents/RPI/Classes/ALing/eelsAAA/src/.gcloudignore].
2024-03-09 10:53:39,647 DEBUG    root            Skipping file [.gcloudignore]
2024-03-09 10:53:39,672 DEBUG    root            Could not call git with args ('config', '--get-regexp', 'remote\\.(.*)\\.url'): Command '['git', 'config', '--get-regexp', 'remote\\.(.*)\\.url']' returned non-zero exit status 1.
2024-03-09 10:53:39,672 INFO     root            Could not find any remote repositories associated with [/var/folders/1y/1wxwnnd51yb6zjv9vq4g5q000000gn/T/tmp_l8f5gnd/tmpawfr0dib]. Cloud diagnostic tools may not be able to display the correct source code for this deployment.
2024-03-09 10:53:40,113 DEBUG    root            Skipping upload of [app.yaml]
2024-03-09 10:53:40,113 INFO     root            Incremental upload skipped 100.0% of data
2024-03-09 10:53:40,114 DEBUG    root            Skipping upload of [go.mod]
2024-03-09 10:53:40,114 INFO     root            Incremental upload skipped 100.0% of data
2024-03-09 10:53:40,114 DEBUG    root            Skipping upload of [go.sum]
2024-03-09 10:53:40,114 INFO     root            Incremental upload skipped 100.0% of data
2024-03-09 10:53:40,114 DEBUG    root            Skipping upload of [handleResult.go]
2024-03-09 10:53:40,114 INFO     root            Incremental upload skipped 100.0% of data
2024-03-09 10:53:40,114 DEBUG    root            Skipping upload of [_main-package-path]
2024-03-09 10:53:40,114 INFO     root            Incremental upload skipped 100.0% of data
2024-03-09 10:53:40,114 DEBUG    root            Skipping upload of [.env]
2024-03-09 10:53:40,114 INFO     root            Incremental upload skipped 100.0% of data
2024-03-09 10:53:40,114 DEBUG    root            Skipping upload of [exec]
2024-03-09 10:53:40,114 INFO     root            Incremental upload skipped 100.0% of data
2024-03-09 10:53:40,114 INFO     root            Incremental upload skipped 99.98% of data
2024-03-09 10:53:40,114 DEBUG    root            Skipping upload of [dataPage.go]
2024-03-09 10:53:40,114 INFO     root            Incremental upload skipped 99.98% of data
2024-03-09 10:53:40,114 DEBUG    root            Skipping upload of [main.go]
2024-03-09 10:53:40,114 INFO     root            Incremental upload skipped 99.98% of data
2024-03-09 10:53:40,114 DEBUG    root            Skipping upload of [components/base.templ]
2024-03-09 10:53:40,114 INFO     root            Incremental upload skipped 99.98% of data
2024-03-09 10:53:40,114 INFO     root            Incremental upload skipped 99.94% of data
2024-03-09 10:53:40,114 DEBUG    root            Skipping upload of [components/entryVisualizer.templ]
2024-03-09 10:53:40,114 INFO     root            Incremental upload skipped 99.94% of data
2024-03-09 10:53:40,114 DEBUG    root            Skipping upload of [components/data.templ]
2024-03-09 10:53:40,114 INFO     root            Incremental upload skipped 99.94% of data
2024-03-09 10:53:40,114 INFO     root            Incremental upload skipped 99.91% of data
2024-03-09 10:53:40,114 DEBUG    root            Skipping upload of [components/base_templ.go]
2024-03-09 10:53:40,114 INFO     root            Incremental upload skipped 99.91% of data
2024-03-09 10:53:40,114 INFO     root            Incremental upload skipped 99.87% of data
2024-03-09 10:53:40,114 INFO     root            Incremental upload skipped 99.83% of data
2024-03-09 10:53:40,114 DEBUG    root            Uploading 5 files to Google Cloud Storage
2024-03-09 10:53:40,114 DEBUG    root            Using [16] threads
2024-03-09 10:53:40,115 INFO     ___FILE_ONLY___ ╔════════════════════════════════════════════════════════════╗

2024-03-09 10:53:40,115 INFO     ___FILE_ONLY___ ╠═ Uploading 5 files to Google Cloud Storage                ═╣

2024-03-09 10:53:40,115 INFO     ___FILE_ONLY___ ╚
2024-03-09 10:53:40,131 INFO     root            Uploading [/var/folders/1y/1wxwnnd51yb6zjv9vq4g5q000000gn/T/tmp_l8f5gnd/tmpawfr0dib/components/entryVisualizer_templ.go] to [staging.eelsaaa.appspot.com/1a1935dbcb7cfc5628d6607316a15480fda6638e]
2024-03-09 10:53:40,131 INFO     root            Uploading [/var/folders/1y/1wxwnnd51yb6zjv9vq4g5q000000gn/T/tmp_l8f5gnd/tmpawfr0dib/components/data_templ.go] to [staging.eelsaaa.appspot.com/7a5d6e807c5d93168c44b5525a18e2e7b659265b]
2024-03-09 10:53:40,131 INFO     root            Uploading [/var/folders/1y/1wxwnnd51yb6zjv9vq4g5q000000gn/T/tmp_l8f5gnd/tmpawfr0dib/components/test_templ.go] to [staging.eelsaaa.appspot.com/0d9fa3f1f30fff6aa0e2dcd2d583c69291284b7f]
2024-03-09 10:53:40,134 INFO     root            Uploading [/var/folders/1y/1wxwnnd51yb6zjv9vq4g5q000000gn/T/tmp_l8f5gnd/tmpawfr0dib/testPage.go] to [staging.eelsaaa.appspot.com/3d12eeac6273bb1160052e04b94398467cd1f846]
2024-03-09 10:53:40,134 INFO     root            Uploading [/var/folders/1y/1wxwnnd51yb6zjv9vq4g5q000000gn/T/tmp_l8f5gnd/tmpawfr0dib/components/test.templ] to [staging.eelsaaa.appspot.com/25176e08f2ec0ce37eeb3ef1bab0b2152ab30224]
2024-03-09 10:53:40,335 INFO     ___FILE_ONLY___ ════════════
2024-03-09 10:53:40,337 INFO     ___FILE_ONLY___ ════════════
2024-03-09 10:53:40,337 INFO     ___FILE_ONLY___ ════════════
2024-03-09 10:53:40,339 INFO     ___FILE_ONLY___ ════════════
2024-03-09 10:53:40,403 INFO     ___FILE_ONLY___ ════════════
2024-03-09 10:53:40,403 INFO     ___FILE_ONLY___ ╝

2024-03-09 10:53:40,406 INFO     ___FILE_ONLY___ File upload done.

2024-03-09 10:53:40,406 INFO     root            Manifest: [{'app.yaml': {'sourceUrl': 'https://storage.googleapis.com/staging.eelsaaa.appspot.com/b28bd10f6beff66d7a26e56e555a529fcca994c8', 'sha1Sum': 'b28bd10f6beff66d7a26e56e555a529fcca994c8'}, 'go.mod': {'sourceUrl': 'https://storage.googleapis.com/staging.eelsaaa.appspot.com/940b55d1fa8ea72cc628c7076144073c431e7539', 'sha1Sum': '940b55d1fa8ea72cc628c7076144073c431e7539'}, 'go.sum': {'sourceUrl': 'https://storage.googleapis.com/staging.eelsaaa.appspot.com/1a132ac0a66009e08b8aff8100c20bd987fecb1b', 'sha1Sum': '1a132ac0a66009e08b8aff8100c20bd987fecb1b'}, 'handleResult.go': {'sourceUrl': 'https://storage.googleapis.com/staging.eelsaaa.appspot.com/eaeeb5a3cd6d139e2a93a596ff7aa67732c5a9f7', 'sha1Sum': 'eaeeb5a3cd6d139e2a93a596ff7aa67732c5a9f7'}, '_main-package-path': {'sourceUrl': 'https://storage.googleapis.com/staging.eelsaaa.appspot.com/3a52ce780950d4d969792a2559cd519d7ee8c727', 'sha1Sum': '3a52ce780950d4d969792a2559cd519d7ee8c727'}, '.env': {'sourceUrl': 'https://storage.googleapis.com/staging.eelsaaa.appspot.com/03c8adfed6eeef9ca097b59d01706aa54ff56f17', 'sha1Sum': '03c8adfed6eeef9ca097b59d01706aa54ff56f17'}, 'exec': {'sourceUrl': 'https://storage.googleapis.com/staging.eelsaaa.appspot.com/9957c728cca8152ecc0a01c929aa4732d145d57e', 'sha1Sum': '9957c728cca8152ecc0a01c929aa4732d145d57e'}, 'testPage.go': {'sourceUrl': 'https://storage.googleapis.com/staging.eelsaaa.appspot.com/3d12eeac6273bb1160052e04b94398467cd1f846', 'sha1Sum': '3d12eeac6273bb1160052e04b94398467cd1f846'}, 'dataPage.go': {'sourceUrl': 'https://storage.googleapis.com/staging.eelsaaa.appspot.com/7be22f45a5d8150d7d15da7e549a32ed30a6e229', 'sha1Sum': '7be22f45a5d8150d7d15da7e549a32ed30a6e229'}, 'main.go': {'sourceUrl': 'https://storage.googleapis.com/staging.eelsaaa.appspot.com/627e083aea0f5252308d7432961ab4e346373853', 'sha1Sum': '627e083aea0f5252308d7432961ab4e346373853'}, 'components/base.templ': {'sourceUrl': 'https://storage.googleapis.com/staging.eelsaaa.appspot.com/c96a7064409ef75967a16d1463b01047ef20bf15', 'sha1Sum': 'c96a7064409ef75967a16d1463b01047ef20bf15'}, 'components/data_templ.go': {'sourceUrl': 'https://storage.googleapis.com/staging.eelsaaa.appspot.com/7a5d6e807c5d93168c44b5525a18e2e7b659265b', 'sha1Sum': '7a5d6e807c5d93168c44b5525a18e2e7b659265b'}, 'components/entryVisualizer.templ': {'sourceUrl': 'https://storage.googleapis.com/staging.eelsaaa.appspot.com/e7d876622aa4dbed43773d9c635879e7071d8b09', 'sha1Sum': 'e7d876622aa4dbed43773d9c635879e7071d8b09'}, 'components/data.templ': {'sourceUrl': 'https://storage.googleapis.com/staging.eelsaaa.appspot.com/d7153a39737693b39ae9874f262ff85bc466fb83', 'sha1Sum': 'd7153a39737693b39ae9874f262ff85bc466fb83'}, 'components/test.templ': {'sourceUrl': 'https://storage.googleapis.com/staging.eelsaaa.appspot.com/25176e08f2ec0ce37eeb3ef1bab0b2152ab30224', 'sha1Sum': '25176e08f2ec0ce37eeb3ef1bab0b2152ab30224'}, 'components/base_templ.go': {'sourceUrl': 'https://storage.googleapis.com/staging.eelsaaa.appspot.com/ffc6808c0c64b0c847c2576d0e05b4406b8fa14b', 'sha1Sum': 'ffc6808c0c64b0c847c2576d0e05b4406b8fa14b'}, 'components/entryVisualizer_templ.go': {'sourceUrl': 'https://storage.googleapis.com/staging.eelsaaa.appspot.com/1a1935dbcb7cfc5628d6607316a15480fda6638e', 'sha1Sum': '1a1935dbcb7cfc5628d6607316a15480fda6638e'}, 'components/test_templ.go': {'sourceUrl': 'https://storage.googleapis.com/staging.eelsaaa.appspot.com/0d9fa3f1f30fff6aa0e2dcd2d583c69291284b7f', 'sha1Sum': '0d9fa3f1f30fff6aa0e2dcd2d583c69291284b7f'}}]
2024-03-09 10:53:40,407 DEBUG    root            Converted YAML to JSON: "{
  "entrypoint": {
    "shell": ""
  },
  "envVariables": {
    "DATABASE_URL": "postgres://website:tuA8qkuCDrR4V2Pg@database-1.cp62g286s9a0.us-east-2.rds.amazonaws.com:5432/eelsaaa"
  },
  "runtime": "go121"
}"
2024-03-09 10:53:40,781 DEBUG    root            Operation [apps/eelsaaa/operations/ed3a44f6-bc44-47f5-a56f-a17dbaf32cec] not complete. Waiting to retry.
2024-03-09 10:53:40,785 INFO     ___FILE_ONLY___ Updating service [default]...
2024-03-09 10:53:41,945 DEBUG    root            Operation [apps/eelsaaa/operations/ed3a44f6-bc44-47f5-a56f-a17dbaf32cec] not complete. Waiting to retry.
2024-03-09 10:53:47,838 DEBUG    root            Operation [apps/eelsaaa/operations/ed3a44f6-bc44-47f5-a56f-a17dbaf32cec] not complete. Waiting to retry.
2024-03-09 10:53:53,084 DEBUG    root            Operation [apps/eelsaaa/operations/ed3a44f6-bc44-47f5-a56f-a17dbaf32cec] not complete. Waiting to retry.
2024-03-09 10:53:59,079 DEBUG    root            Operation [apps/eelsaaa/operations/ed3a44f6-bc44-47f5-a56f-a17dbaf32cec] not complete. Waiting to retry.
2024-03-09 10:54:05,116 DEBUG    root            Operation [apps/eelsaaa/operations/ed3a44f6-bc44-47f5-a56f-a17dbaf32cec] not complete. Waiting to retry.
2024-03-09 10:54:11,080 DEBUG    root            Operation [apps/eelsaaa/operations/ed3a44f6-bc44-47f5-a56f-a17dbaf32cec] not complete. Waiting to retry.
2024-03-09 10:54:16,228 DEBUG    root            Operation [apps/eelsaaa/operations/ed3a44f6-bc44-47f5-a56f-a17dbaf32cec] not complete. Waiting to retry.
2024-03-09 10:54:21,709 DEBUG    root            Operation [apps/eelsaaa/operations/ed3a44f6-bc44-47f5-a56f-a17dbaf32cec] not complete. Waiting to retry.
2024-03-09 10:54:27,625 DEBUG    root            Operation [apps/eelsaaa/operations/ed3a44f6-bc44-47f5-a56f-a17dbaf32cec] not complete. Waiting to retry.
2024-03-09 10:54:32,869 DEBUG    root            Operation [apps/eelsaaa/operations/ed3a44f6-bc44-47f5-a56f-a17dbaf32cec] not complete. Waiting to retry.
2024-03-09 10:54:38,497 DEBUG    root            Operation [apps/eelsaaa/operations/ed3a44f6-bc44-47f5-a56f-a17dbaf32cec] not complete. Waiting to retry.
2024-03-09 10:54:44,078 DEBUG    root            Operation [apps/eelsaaa/operations/ed3a44f6-bc44-47f5-a56f-a17dbaf32cec] not complete. Waiting to retry.
2024-03-09 10:54:49,700 DEBUG    root            Operation [apps/eelsaaa/operations/ed3a44f6-bc44-47f5-a56f-a17dbaf32cec] not complete. Waiting to retry.
2024-03-09 10:54:55,782 DEBUG    root            Operation [apps/eelsaaa/operations/ed3a44f6-bc44-47f5-a56f-a17dbaf32cec] not complete. Waiting to retry.
2024-03-09 10:55:01,768 DEBUG    root            Operation [apps/eelsaaa/operations/ed3a44f6-bc44-47f5-a56f-a17dbaf32cec] not complete. Waiting to retry.
2024-03-09 10:55:07,114 DEBUG    root            Operation [apps/eelsaaa/operations/ed3a44f6-bc44-47f5-a56f-a17dbaf32cec] not complete. Waiting to retry.
2024-03-09 10:55:12,668 DEBUG    root            Operation [apps/eelsaaa/operations/ed3a44f6-bc44-47f5-a56f-a17dbaf32cec] not complete. Waiting to retry.
2024-03-09 10:55:18,534 DEBUG    root            Operation [apps/eelsaaa/operations/ed3a44f6-bc44-47f5-a56f-a17dbaf32cec] not complete. Waiting to retry.
2024-03-09 10:55:24,566 DEBUG    root            Operation [apps/eelsaaa/operations/ed3a44f6-bc44-47f5-a56f-a17dbaf32cec] not complete. Waiting to retry.
2024-03-09 10:55:30,191 DEBUG    root            Operation [apps/eelsaaa/operations/ed3a44f6-bc44-47f5-a56f-a17dbaf32cec] complete. Result: {
    "done": true,
    "metadata": {
        "@type": "type.googleapis.com/google.appengine.v1.OperationMetadataV1",
        "endTime": "2024-03-09T15:55:27.907Z",
        "insertTime": "2024-03-09T15:53:40.737Z",
        "method": "google.appengine.v1.Versions.CreateVersion",
        "target": "apps/eelsaaa/services/default/versions/20240309t105338",
        "user": "eleanorkolson@gmail.com"
    },
    "name": "apps/eelsaaa/operations/ed3a44f6-bc44-47f5-a56f-a17dbaf32cec",
    "response": {
        "@type": "type.googleapis.com/google.appengine.v1.Version",
        "createTime": "2024-03-09T15:55:21Z",
        "diskUsageBytes": "28854873",
        "env": "standard",
        "id": "20240309t105338",
        "instanceClass": "F1",
        "name": "apps/eelsaaa/services/default/versions/20240309t105338",
        "network": {},
        "runtime": "go121",
        "runtimeChannel": "default",
        "servingStatus": "SERVING",
        "threadsafe": true,
        "versionUrl": "https://20240309t105338-dot-eelsaaa.appspot.com"
    }
}
2024-03-09 10:55:30,769 DEBUG    root            Operation [apps/eelsaaa/operations/dc4af02a-6aae-450d-8d59-3a9c07fffa4c] not complete. Waiting to retry.
2024-03-09 10:55:30,770 INFO     ___FILE_ONLY___ Setting traffic split for service [default]...
2024-03-09 10:55:31,897 DEBUG    root            Operation [apps/eelsaaa/operations/dc4af02a-6aae-450d-8d59-3a9c07fffa4c] not complete. Waiting to retry.
2024-03-09 10:55:37,695 DEBUG    root            Operation [apps/eelsaaa/operations/dc4af02a-6aae-450d-8d59-3a9c07fffa4c] complete. Result: {
    "done": true,
    "metadata": {
        "@type": "type.googleapis.com/google.appengine.v1.OperationMetadataV1",
        "endTime": "2024-03-09T15:55:35.263Z",
        "insertTime": "2024-03-09T15:55:30.805Z",
        "method": "google.appengine.v1.Services.UpdateService",
        "target": "apps/eelsaaa/services/default",
        "user": "eleanorkolson@gmail.com"
    },
    "name": "apps/eelsaaa/operations/dc4af02a-6aae-450d-8d59-3a9c07fffa4c",
    "response": {
        "@type": "type.googleapis.com/google.appengine.v1.Service",
        "id": "default",
        "name": "apps/eelsaaa/services/default",
        "split": {
            "allocations": {
                "20240309t105338": 1
            }
        }
    }
}
2024-03-09 10:55:37,724 INFO     root            Previous default version [eelsaaa/default/20240309t031632] is an automatically scaled standard environment app, so not stopping it.
2024-03-09 10:55:37,724 INFO     ___FILE_ONLY___ Deployed service [default] to [https://eelsaaa.ue.r.appspot.com]

2024-03-09 10:55:37,729 INFO     ___FILE_ONLY___ 
You can stream logs from the command line by running:
  $ gcloud app logs tail -s default

2024-03-09 10:55:37,729 INFO     ___FILE_ONLY___ 
To view your application in the web browser run:
  $ gcloud app browse

2024-03-09 10:55:37,729 DEBUG    root            Chosen display Format:none
2024-03-09 10:55:37,730 INFO     root            Display format: "none"
